DEBUG:root:Current device 1 
DEBUG:root:Loading data ...
DEBUG:root:DONE loading data ...
DEBUG:root:Net:
RnnLm(
  (embedding): Embedding(300000, 300)
  (gru): GRU(300, 300, num_layers=2, dropout=0.2)
  (fc1): Linear(in_features=300, out_features=300000, bias=True)
)
DEBUG:root:START EPOCH now = 2019-12-17 16:43:17.905875
DEBUG:root:Training epoch 0
INFO:root:	Batch 0, loss 12.622, perplexity 303290.04
INFO:root:	Batch 1016, loss 6.745, perplexity 849.97
INFO:root:	Batch 2129, loss 6.481, perplexity 652.94
INFO:root:	Batch 3228, loss 6.281, perplexity 534.28
INFO:root:	Batch 4324, loss 6.433, perplexity 622.08
INFO:root:	Batch 5417, loss 6.402, perplexity 603.25
INFO:root:	Batch 6516, loss 6.187, perplexity 486.27
INFO:root:	Batch 7608, loss 6.274, perplexity 530.39
INFO:root:	Batch 8705, loss 5.998, perplexity 402.81
INFO:root:	Batch 9803, loss 6.323, perplexity 557.12
INFO:root:	Batch 10899, loss 6.574, perplexity 716.26
INFO:root:	Batch 11993, loss 6.486, perplexity 655.94
INFO:root:	Batch 13088, loss 6.352, perplexity 573.75
INFO:root:	Batch 14185, loss 5.953, perplexity 385.02
INFO:root:	Batch 15279, loss 6.623, perplexity 752.49
INFO:root:	Batch 16375, loss 6.486, perplexity 655.68
INFO:root:	Batch 17469, loss 6.325, perplexity 558.37
INFO:root:	Batch 18566, loss 6.437, perplexity 624.73
INFO:root:	Batch 19663, loss 6.375, perplexity 586.81
INFO:root:	Batch 20759, loss 6.264, perplexity 525.25
INFO:root:	Batch 21856, loss 6.228, perplexity 506.96
INFO:root:	Batch 22951, loss 6.263, perplexity 524.89
INFO:root:	Batch 24049, loss 6.156, perplexity 471.47
INFO:root:	Batch 25141, loss 6.176, perplexity 481.14
INFO:root:	Batch 26238, loss 5.893, perplexity 362.39
INFO:root:	Batch 27329, loss 6.620, perplexity 749.60
INFO:root:	Batch 28424, loss 6.046, perplexity 422.59
INFO:root:	Batch 29523, loss 6.875, perplexity 967.90
INFO:root:	Batch 30616, loss 6.280, perplexity 533.83
INFO:root:	Batch 31709, loss 6.201, perplexity 493.34
INFO:root:	Batch 32807, loss 6.275, perplexity 531.14
INFO:root:	Batch 33898, loss 6.193, perplexity 489.16
INFO:root:	Batch 34996, loss 6.639, perplexity 764.58
INFO:root:	Batch 36094, loss 5.947, perplexity 382.61
INFO:root:	Batch 37189, loss 6.318, perplexity 554.31
INFO:root:	Batch 38286, loss 6.161, perplexity 473.85
INFO:root:	Batch 39383, loss 6.347, perplexity 570.92
INFO:root:	Batch 40481, loss 6.297, perplexity 542.74
INFO:root:	Batch 41575, loss 6.186, perplexity 486.03
INFO:root:	Batch 42670, loss 6.395, perplexity 598.71
INFO:root:	Batch 43761, loss 6.204, perplexity 494.94
INFO:root:	Batch 44858, loss 6.373, perplexity 586.03
INFO:root:	Batch 45955, loss 6.188, perplexity 486.74
INFO:root:	Batch 47047, loss 6.436, perplexity 623.63
INFO:root:	Batch 48143, loss 6.205, perplexity 495.42
INFO:root:	Batch 49241, loss 5.957, perplexity 386.31
INFO:root:	Batch 50340, loss 6.247, perplexity 516.23
INFO:root:	Batch 51438, loss 5.912, perplexity 369.36
INFO:root:	Batch 52530, loss 6.066, perplexity 431.06
INFO:root:	Batch 53627, loss 5.483, perplexity 240.62
INFO:root:	Batch 54721, loss 6.592, perplexity 729.37
INFO:root:	Batch 55812, loss 5.983, perplexity 396.76
INFO:root:	Batch 56909, loss 6.120, perplexity 454.96
INFO:root:	Batch 58008, loss 6.245, perplexity 515.60
INFO:root:	Batch 59103, loss 6.445, perplexity 629.81
INFO:root:	Batch 60201, loss 6.244, perplexity 514.98
INFO:root:	Batch 61298, loss 6.544, perplexity 694.76
INFO:root:	Batch 62391, loss 5.877, perplexity 356.62
INFO:root:	Batch 63489, loss 6.719, perplexity 828.14
INFO:root:	Batch 64587, loss 6.051, perplexity 424.49
INFO:root:	Batch 65683, loss 5.826, perplexity 339.10
INFO:root:	Batch 66778, loss 5.987, perplexity 398.19
INFO:root:	Batch 67873, loss 5.935, perplexity 378.13
INFO:root:	Batch 68972, loss 6.426, perplexity 617.44
INFO:root:	Batch 70071, loss 5.860, perplexity 350.87
INFO:root:	Batch 71168, loss 6.078, perplexity 436.05
INFO:root:	Batch 72263, loss 6.280, perplexity 533.99
INFO:root:	Batch 73361, loss 5.784, perplexity 325.11
INFO:root:	Batch 74458, loss 6.047, perplexity 422.90
INFO:root:	Batch 75552, loss 6.148, perplexity 467.86
INFO:root:	Batch 76651, loss 6.171, perplexity 478.81
INFO:root:	Batch 77751, loss 5.677, perplexity 292.09
INFO:root:	Batch 78852, loss 6.228, perplexity 506.76
INFO:root:	Batch 79955, loss 6.191, perplexity 488.48
INFO:root:	Batch 81055, loss 6.068, perplexity 431.83
INFO:root:	Batch 82156, loss 5.879, perplexity 357.46
INFO:root:	Batch 83253, loss 5.805, perplexity 332.12
INFO:root:	Batch 84353, loss 5.905, perplexity 367.05
INFO:root:	Batch 85448, loss 5.999, perplexity 403.20
INFO:root:	Batch 86545, loss 6.478, perplexity 650.62
INFO:root:	Batch 87639, loss 6.229, perplexity 507.16
INFO:root:	Batch 88737, loss 6.131, perplexity 459.75
INFO:root:	Batch 89839, loss 6.276, perplexity 531.42
INFO:root:	Batch 90937, loss 5.802, perplexity 330.98
INFO:root:	Batch 92036, loss 5.350, perplexity 210.56
INFO:root:	Batch 93134, loss 5.882, perplexity 358.50
INFO:root:	Batch 94233, loss 5.857, perplexity 349.68
INFO:root:	Batch 95335, loss 5.971, perplexity 391.79
INFO:root:	Batch 96434, loss 5.603, perplexity 271.28
INFO:root:	Batch 97529, loss 6.187, perplexity 486.37
INFO:root:	Batch 98626, loss 6.159, perplexity 473.18
INFO:root:	Batch 99724, loss 5.817, perplexity 336.11
INFO:root:	Batch 100821, loss 6.232, perplexity 508.91
INFO:root:	Batch 101919, loss 6.095, perplexity 443.79
INFO:root:	Batch 103014, loss 6.052, perplexity 424.86
INFO:root:	Batch 104110, loss 5.952, perplexity 384.60
INFO:root:	Batch 105207, loss 5.959, perplexity 387.11
INFO:root:	Batch 106300, loss 5.927, perplexity 375.07
INFO:root:	Batch 107390, loss 5.876, perplexity 356.47
INFO:root:	Batch 108484, loss 6.196, perplexity 490.67
INFO:root:	Batch 109576, loss 6.195, perplexity 490.20
INFO:root:	Batch 110669, loss 6.078, perplexity 435.99
INFO:root:	Batch 111763, loss 5.396, perplexity 220.43
INFO:root:	Batch 112860, loss 6.047, perplexity 422.75
INFO:root:	Batch 113956, loss 6.288, perplexity 538.33
INFO:root:	Batch 115055, loss 6.275, perplexity 530.87
INFO:root:	Batch 116153, loss 5.823, perplexity 338.14
INFO:root:	Batch 117248, loss 6.211, perplexity 498.00
INFO:root:	Batch 118345, loss 6.086, perplexity 439.54
INFO:root:	Batch 119439, loss 6.015, perplexity 409.59
INFO:root:	Batch 120536, loss 6.046, perplexity 422.48
INFO:root:	Batch 121632, loss 5.849, perplexity 347.00
INFO:root:	Batch 122724, loss 5.845, perplexity 345.59
INFO:root:	Batch 123819, loss 6.229, perplexity 507.24
INFO:root:	Batch 124916, loss 5.824, perplexity 338.41
INFO:root:	Batch 126013, loss 6.098, perplexity 444.87
INFO:root:	Batch 127108, loss 6.106, perplexity 448.53
INFO:root:	Batch 128202, loss 5.621, perplexity 276.29
INFO:root:	Batch 129299, loss 5.800, perplexity 330.25
INFO:root:	Batch 130392, loss 5.875, perplexity 355.85
INFO:root:	Batch 131486, loss 5.713, perplexity 302.70
INFO:root:	Batch 132583, loss 5.613, perplexity 273.91
INFO:root:	Batch 133681, loss 6.684, perplexity 799.70
INFO:root:	Batch 134776, loss 5.926, perplexity 374.64
INFO:root:	Batch 135870, loss 5.861, perplexity 351.17
INFO:root:	Batch 136962, loss 5.971, perplexity 392.02
INFO:root:	Batch 138057, loss 5.840, perplexity 343.86
INFO:root:	Batch 139148, loss 5.895, perplexity 363.12
INFO:root:	Batch 140240, loss 5.952, perplexity 384.67
INFO:root:	Batch 141332, loss 6.134, perplexity 461.29
INFO:root:	Batch 142422, loss 6.124, perplexity 456.77
INFO:root:	Batch 143515, loss 5.602, perplexity 271.03
INFO:root:	Batch 144606, loss 5.773, perplexity 321.48
INFO:root:	Batch 145698, loss 6.203, perplexity 494.35
INFO:root:	Batch 146791, loss 6.065, perplexity 430.65
INFO:root:	Batch 147883, loss 6.357, perplexity 576.64
INFO:root:	Batch 148974, loss 5.996, perplexity 401.77
INFO:root:	Batch 150067, loss 6.056, perplexity 426.64
INFO:root:	Batch 151156, loss 5.799, perplexity 329.81
INFO:root:	Batch 152251, loss 5.797, perplexity 329.33
INFO:root:	Batch 153345, loss 5.178, perplexity 177.33
INFO:root:	Batch 154439, loss 5.664, perplexity 288.32
INFO:root:	Batch 155534, loss 6.368, perplexity 582.91
INFO:root:	Batch 156628, loss 6.044, perplexity 421.70
INFO:root:	Batch 157719, loss 5.842, perplexity 344.51
INFO:root:	Batch 158812, loss 5.314, perplexity 203.09
INFO:root:	Batch 159907, loss 5.720, perplexity 304.85
INFO:root:	Batch 160994, loss 6.182, perplexity 484.18
INFO:root:	Batch 162089, loss 5.515, perplexity 248.34
INFO:root:	Batch 163180, loss 5.667, perplexity 289.06
INFO:root:	Batch 164271, loss 5.882, perplexity 358.52
INFO:root:	Batch 165368, loss 5.916, perplexity 371.01
INFO:root:	Batch 166460, loss 5.820, perplexity 336.96
INFO:root:	Batch 167549, loss 6.030, perplexity 415.91
INFO:root:	Batch 168642, loss 5.517, perplexity 248.79
INFO:root:	Batch 169737, loss 5.893, perplexity 362.42
INFO:root:	Batch 170830, loss 5.697, perplexity 298.11
INFO:root:	Batch 171922, loss 5.950, perplexity 383.92
INFO:root:	Batch 173015, loss 6.356, perplexity 575.82
INFO:root:	Batch 174108, loss 5.846, perplexity 345.92
INFO:root:	Batch 175199, loss 5.993, perplexity 400.75
INFO:root:	Batch 176294, loss 5.690, perplexity 295.85
INFO:root:	Batch 177390, loss 5.847, perplexity 346.14
INFO:root:	Batch 178487, loss 5.857, perplexity 349.50
INFO:root:	Batch 179584, loss 6.068, perplexity 431.84
INFO:root:	Batch 180677, loss 5.446, perplexity 231.72
INFO:root:	Batch 181772, loss 5.928, perplexity 375.25
INFO:root:	Batch 182865, loss 5.955, perplexity 385.69
INFO:root:	Batch 183961, loss 5.899, perplexity 364.73
INFO:root:	Batch 185056, loss 5.471, perplexity 237.80
INFO:root:	Batch 186151, loss 6.141, perplexity 464.74
INFO:root:	Batch 187245, loss 6.267, perplexity 526.93
INFO:root:	Batch 188343, loss 5.692, perplexity 296.47
INFO:root:	Batch 189437, loss 5.767, perplexity 319.43
INFO:root:	Batch 190529, loss 5.853, perplexity 348.23
INFO:root:	Batch 191623, loss 5.716, perplexity 303.65
INFO:root:	Batch 192718, loss 5.673, perplexity 291.02
INFO:root:	Batch 193811, loss 5.689, perplexity 295.60
INFO:root:	Batch 194906, loss 5.310, perplexity 202.26
INFO:root:	Batch 195998, loss 5.593, perplexity 268.64
INFO:root:	Batch 197095, loss 5.991, perplexity 399.78
INFO:root:	Batch 198187, loss 5.913, perplexity 369.64
INFO:root:	Batch 199283, loss 5.743, perplexity 312.13
INFO:root:	Batch 200382, loss 6.121, perplexity 455.39
INFO:root:	Batch 201478, loss 5.878, perplexity 357.27
INFO:root:	Batch 202571, loss 5.619, perplexity 275.75
INFO:root:	Batch 203664, loss 6.010, perplexity 407.36
INFO:root:	Batch 204757, loss 5.426, perplexity 227.13
INFO:root:	Batch 205850, loss 5.510, perplexity 247.06
INFO:root:	Batch 206943, loss 5.524, perplexity 250.67
INFO:root:	Batch 208041, loss 5.953, perplexity 384.90
INFO:root:	Batch 209138, loss 5.764, perplexity 318.67
INFO:root:	Batch 210232, loss 5.964, perplexity 389.11
INFO:root:	Batch 211329, loss 5.974, perplexity 393.19
INFO:root:	Batch 212423, loss 5.869, perplexity 353.90
INFO:root:	Batch 213518, loss 5.506, perplexity 246.25
INFO:root:	Batch 214614, loss 5.990, perplexity 399.41
INFO:root:	Batch 215711, loss 6.118, perplexity 453.95
INFO:root:	Batch 216807, loss 5.775, perplexity 322.28
INFO:root:	Batch 217900, loss 6.038, perplexity 419.02
INFO:root:	Batch 218998, loss 5.748, perplexity 313.55
INFO:root:	Batch 220095, loss 5.867, perplexity 353.09
INFO:root:	Batch 221190, loss 5.742, perplexity 311.71
INFO:root:	Batch 222286, loss 6.046, perplexity 422.50
INFO:root:	Batch 223386, loss 5.504, perplexity 245.68
INFO:root:	Batch 224485, loss 5.458, perplexity 234.66
INFO:root:	Batch 225582, loss 5.847, perplexity 346.06
INFO:root:	Batch 226681, loss 6.019, perplexity 411.00
INFO:root:	Batch 227776, loss 5.915, perplexity 370.70
INFO:root:	Batch 228871, loss 5.477, perplexity 239.02
INFO:root:	Batch 229967, loss 6.416, perplexity 611.61
INFO:root:	Batch 231064, loss 5.627, perplexity 277.85
INFO:root:	Batch 232161, loss 5.778, perplexity 323.08
INFO:root:	Batch 233260, loss 5.790, perplexity 326.99
INFO:root:	Batch 234355, loss 5.543, perplexity 255.53
INFO:root:	Batch 235449, loss 5.568, perplexity 261.94
INFO:root:	Batch 236546, loss 5.539, perplexity 254.55
INFO:root:	Batch 237642, loss 5.926, perplexity 374.51
INFO:root:	Batch 238742, loss 5.397, perplexity 220.69
INFO:root:	Batch 239840, loss 5.682, perplexity 293.65
INFO:root:	Batch 240939, loss 5.973, perplexity 392.65
INFO:root:	Batch 242037, loss 5.638, perplexity 281.02
INFO:root:	Batch 243137, loss 5.816, perplexity 335.50
INFO:root:	Batch 244232, loss 5.646, perplexity 283.28
INFO:root:	Batch 245328, loss 6.034, perplexity 417.58
INFO:root:	Batch 246427, loss 5.706, perplexity 300.68
INFO:root:	Batch 247521, loss 5.840, perplexity 343.72
INFO:root:	Batch 248615, loss 5.850, perplexity 347.17
INFO:root:	Batch 249711, loss 5.883, perplexity 358.81
INFO:root:	Batch 250809, loss 5.579, perplexity 264.67
INFO:root:	Batch 251906, loss 5.828, perplexity 339.82
INFO:root:	Batch 253003, loss 5.718, perplexity 304.22
INFO:root:	Batch 254099, loss 5.592, perplexity 268.33
INFO:root:	Batch 255195, loss 6.028, perplexity 414.73
INFO:root:	Batch 256295, loss 6.350, perplexity 572.45
INFO:root:	Batch 257388, loss 5.837, perplexity 342.84
INFO:root:	Batch 258485, loss 5.805, perplexity 332.09
INFO:root:	Batch 259589, loss 5.895, perplexity 363.15
INFO:root:	Batch 260686, loss 6.029, perplexity 415.51
INFO:root:	Batch 261788, loss 5.644, perplexity 282.57
INFO:root:	Batch 262885, loss 6.057, perplexity 426.90
INFO:root:	Batch 263986, loss 5.425, perplexity 226.91
INFO:root:	Batch 265082, loss 5.245, perplexity 189.70
INFO:root:	Batch 266180, loss 5.560, perplexity 259.77
INFO:root:	Batch 267272, loss 5.868, perplexity 353.62
INFO:root:	Batch 268370, loss 6.260, perplexity 523.30
INFO:root:	Batch 269467, loss 5.717, perplexity 303.96
INFO:root:	Batch 270567, loss 5.952, perplexity 384.54
INFO:root:	Batch 271665, loss 5.934, perplexity 377.76
INFO:root:	Batch 272764, loss 5.078, perplexity 160.45
INFO:root:	Batch 273859, loss 5.442, perplexity 230.81
INFO:root:	Batch 274956, loss 5.184, perplexity 178.34
INFO:root:	Batch 276054, loss 5.371, perplexity 215.05
INFO:root:	Batch 277146, loss 5.519, perplexity 249.36
INFO:root:	Batch 278244, loss 5.610, perplexity 273.07
INFO:root:	Batch 279342, loss 5.721, perplexity 305.16
INFO:root:	Batch 280441, loss 5.856, perplexity 349.18
INFO:root:	Batch 281536, loss 5.553, perplexity 258.13
INFO:root:	Batch 282633, loss 5.547, perplexity 256.35
INFO:root:	Batch 283731, loss 5.830, perplexity 340.35
INFO:root:	Batch 284832, loss 5.984, perplexity 396.91
INFO:root:	Batch 285932, loss 5.398, perplexity 220.91
INFO:root:	Batch 287027, loss 5.751, perplexity 314.57
INFO:root:	Batch 288125, loss 5.367, perplexity 214.20
INFO:root:	Batch 289229, loss 5.911, perplexity 368.94
INFO:root:	Batch 290326, loss 5.413, perplexity 224.32
INFO:root:	Batch 291425, loss 5.751, perplexity 314.52
INFO:root:	Batch 292521, loss 5.661, perplexity 287.51
INFO:root:	Batch 293620, loss 5.596, perplexity 269.26
INFO:root:	Batch 294719, loss 5.437, perplexity 229.86
INFO:root:	Batch 295819, loss 5.988, perplexity 398.61
INFO:root:	Batch 296921, loss 5.627, perplexity 277.85
INFO:root:	Batch 298018, loss 5.553, perplexity 257.93
INFO:root:	Batch 299114, loss 5.084, perplexity 161.35
INFO:root:	Batch 300213, loss 5.702, perplexity 299.41
INFO:root:	Batch 301310, loss 5.499, perplexity 244.45
INFO:root:	Batch 302406, loss 5.398, perplexity 220.90
INFO:root:	Batch 303508, loss 5.955, perplexity 385.57
INFO:root:	Batch 304605, loss 5.076, perplexity 160.18
INFO:root:	Batch 305707, loss 5.807, perplexity 332.58
INFO:root:	Batch 306806, loss 5.822, perplexity 337.66
INFO:root:	Batch 307906, loss 5.964, perplexity 389.15
INFO:root:	Batch 309009, loss 5.674, perplexity 291.31
INFO:root:	Batch 310109, loss 5.595, perplexity 269.11
INFO:root:	Batch 311205, loss 6.037, perplexity 418.53
INFO:root:	Batch 312302, loss 5.647, perplexity 283.57
INFO:root:	Batch 313403, loss 6.073, perplexity 434.14
INFO:root:	Batch 314504, loss 5.819, perplexity 336.79
INFO:root:	Batch 315599, loss 5.413, perplexity 224.26
INFO:root:	Batch 316700, loss 5.844, perplexity 345.17
INFO:root:	Batch 317796, loss 5.797, perplexity 329.20
INFO:root:	Batch 318895, loss 5.371, perplexity 215.16
INFO:root:	Batch 319997, loss 5.559, perplexity 259.63
INFO:root:	Batch 321095, loss 5.738, perplexity 310.56
INFO:root:	Batch 322195, loss 6.088, perplexity 440.43
INFO:root:	Batch 323296, loss 5.955, perplexity 385.50
INFO:root:	Batch 324397, loss 5.920, perplexity 372.26
INFO:root:	Batch 325495, loss 5.558, perplexity 259.20
INFO:root:	Batch 326590, loss 5.847, perplexity 346.18
INFO:root:	Batch 327689, loss 5.562, perplexity 260.36
INFO:root:	Batch 328787, loss 5.601, perplexity 270.66
INFO:root:	Batch 329890, loss 5.610, perplexity 273.20
INFO:root:	Batch 330992, loss 6.088, perplexity 440.39
INFO:root:	Batch 332089, loss 5.769, perplexity 320.17
INFO:root:	Batch 333189, loss 5.370, perplexity 214.80
INFO:root:	Batch 334286, loss 5.648, perplexity 283.79
INFO:root:	Batch 335384, loss 5.772, perplexity 321.24
INFO:root:	Batch 336482, loss 5.819, perplexity 336.52
INFO:root:	Batch 337582, loss 5.697, perplexity 297.87
INFO:root:	Batch 338676, loss 5.568, perplexity 261.78
INFO:root:	Batch 339774, loss 5.975, perplexity 393.44
INFO:root:	Batch 340871, loss 5.377, perplexity 216.48
INFO:root:	Batch 341968, loss 5.670, perplexity 290.01
INFO:root:	Batch 343068, loss 5.704, perplexity 300.04
DEBUG:root:Validation perplexity: 268.3
DEBUG:root:Test perplexity: 796.2
DEBUG:root:BEST result

DEBUG:root:Current device 1 
DEBUG:root:Loading data ...
DEBUG:root:DONE loading data ...
DEBUG:root:Net:
RnnLm(
  (embedding): Embedding(300000, 300)
  (gru): GRU(300, 300, num_layers=2, dropout=0.2)
  (fc1): Linear(in_features=300, out_features=300000, bias=True)
)
DEBUG:root:Test perplexity: 796.2
DEBUG:root:START EPOCH now = 2019-12-18 11:02:34.302251
DEBUG:root:Training epoch 1
INFO:root:	Batch 0, loss 5.891, perplexity 361.72
INFO:root:	Batch 698, loss 5.925, perplexity 374.44
INFO:root:	Batch 1458, loss 5.810, perplexity 333.53
INFO:root:	Batch 2222, loss 5.830, perplexity 340.37
INFO:root:	Batch 2974, loss 5.532, perplexity 252.65
INFO:root:	Batch 3734, loss 5.386, perplexity 218.37
INFO:root:	Batch 4521, loss 5.807, perplexity 332.61
INFO:root:	Batch 5271, loss 5.598, perplexity 269.99
INFO:root:	Batch 6035, loss 5.752, perplexity 314.81
INFO:root:	Batch 6807, loss 5.492, perplexity 242.70
INFO:root:	Batch 7549, loss 6.444, perplexity 628.85
INFO:root:	Batch 8322, loss 5.868, perplexity 353.64
INFO:root:	Batch 9077, loss 5.653, perplexity 285.05
INFO:root:	Batch 9837, loss 5.304, perplexity 201.08
INFO:root:	Batch 10601, loss 5.820, perplexity 337.04
INFO:root:	Batch 11347, loss 5.610, perplexity 273.08
INFO:root:	Batch 12107, loss 5.311, perplexity 202.56
INFO:root:	Batch 12867, loss 5.290, perplexity 198.37
INFO:root:	Batch 13627, loss 5.840, perplexity 343.85
INFO:root:	Batch 14393, loss 5.271, perplexity 194.53
INFO:root:	Batch 15114, loss 5.464, perplexity 236.00
INFO:root:	Batch 15864, loss 6.264, perplexity 525.14
INFO:root:	Batch 16622, loss 5.733, perplexity 308.97
INFO:root:	Batch 17367, loss 5.721, perplexity 305.32
INFO:root:	Batch 18143, loss 5.357, perplexity 212.14
INFO:root:	Batch 18890, loss 5.741, perplexity 311.42
INFO:root:	Batch 19665, loss 5.360, perplexity 212.81
INFO:root:	Batch 20428, loss 5.883, perplexity 358.77
INFO:root:	Batch 21193, loss 5.355, perplexity 211.61
INFO:root:	Batch 21949, loss 5.921, perplexity 372.61
INFO:root:	Batch 22716, loss 5.160, perplexity 174.13
INFO:root:	Batch 23475, loss 5.844, perplexity 345.02
INFO:root:	Batch 24225, loss 5.626, perplexity 277.67
INFO:root:	Batch 24985, loss 5.761, perplexity 317.51
INFO:root:	Batch 25756, loss 5.606, perplexity 271.95
INFO:root:	Batch 26525, loss 5.892, perplexity 362.29
INFO:root:	Batch 27293, loss 5.965, perplexity 389.58
INFO:root:	Batch 28034, loss 5.614, perplexity 274.12
INFO:root:	Batch 28793, loss 5.687, perplexity 294.95
INFO:root:	Batch 29565, loss 5.632, perplexity 279.29
INFO:root:	Batch 30334, loss 5.669, perplexity 289.62
INFO:root:	Batch 31089, loss 5.362, perplexity 213.09
INFO:root:	Batch 31845, loss 5.726, perplexity 306.77
INFO:root:	Batch 32616, loss 5.853, perplexity 348.40
INFO:root:	Batch 33377, loss 5.754, perplexity 315.43
INFO:root:	Batch 34130, loss 5.561, perplexity 260.17
INFO:root:	Batch 34897, loss 5.672, perplexity 290.68
INFO:root:	Batch 35654, loss 5.945, perplexity 381.70
INFO:root:	Batch 36397, loss 5.277, perplexity 195.84
INFO:root:	Batch 37158, loss 6.001, perplexity 403.81
INFO:root:	Batch 37925, loss 5.876, perplexity 356.41
INFO:root:	Batch 38668, loss 5.746, perplexity 312.93
INFO:root:	Batch 39441, loss 5.147, perplexity 171.92
INFO:root:	Batch 40205, loss 5.621, perplexity 276.27
INFO:root:	Batch 40963, loss 5.768, perplexity 320.03
INFO:root:	Batch 41710, loss 5.596, perplexity 269.44
INFO:root:	Batch 42478, loss 5.781, perplexity 323.95
INFO:root:	Batch 43238, loss 6.118, perplexity 453.77
INFO:root:	Batch 43998, loss 5.393, perplexity 219.78
INFO:root:	Batch 44753, loss 5.515, perplexity 248.36
INFO:root:	Batch 45498, loss 5.729, perplexity 307.72
INFO:root:	Batch 46257, loss 5.475, perplexity 238.59
INFO:root:	Batch 47007, loss 5.834, perplexity 341.68
INFO:root:	Batch 47761, loss 5.851, perplexity 347.67
INFO:root:	Batch 48530, loss 5.484, perplexity 240.92
INFO:root:	Batch 49303, loss 5.557, perplexity 259.03
INFO:root:	Batch 50079, loss 5.935, perplexity 377.95
INFO:root:	Batch 50831, loss 5.567, perplexity 261.76
INFO:root:	Batch 51605, loss 5.432, perplexity 228.70
INFO:root:	Batch 52358, loss 5.316, perplexity 203.48
INFO:root:	Batch 53128, loss 5.497, perplexity 243.95
INFO:root:	Batch 53886, loss 5.483, perplexity 240.45
INFO:root:	Batch 54644, loss 5.699, perplexity 298.69
INFO:root:	Batch 55395, loss 5.928, perplexity 375.35
INFO:root:	Batch 56146, loss 5.460, perplexity 235.07
INFO:root:	Batch 56870, loss 5.415, perplexity 224.79
INFO:root:	Batch 57633, loss 5.470, perplexity 237.52
INFO:root:	Batch 58406, loss 5.627, perplexity 277.75
INFO:root:	Batch 59157, loss 5.377, perplexity 216.28
INFO:root:	Batch 59931, loss 5.326, perplexity 205.52
INFO:root:	Batch 60691, loss 5.527, perplexity 251.37
INFO:root:	Batch 61440, loss 5.727, perplexity 307.18
INFO:root:	Batch 62213, loss 5.634, perplexity 279.70
INFO:root:	Batch 62957, loss 5.664, perplexity 288.29
INFO:root:	Batch 63723, loss 5.612, perplexity 273.67
INFO:root:	Batch 64490, loss 5.604, perplexity 271.44
INFO:root:	Batch 65238, loss 5.643, perplexity 282.18
INFO:root:	Batch 66011, loss 5.722, perplexity 305.53
INFO:root:	Batch 66754, loss 5.611, perplexity 273.37
INFO:root:	Batch 67488, loss 5.342, perplexity 208.86
INFO:root:	Batch 68256, loss 5.371, perplexity 215.14
INFO:root:	Batch 69008, loss 5.573, perplexity 263.32
INFO:root:	Batch 69743, loss 5.329, perplexity 206.15
INFO:root:	Batch 70511, loss 5.519, perplexity 249.44
INFO:root:	Batch 71266, loss 5.813, perplexity 334.64
INFO:root:	Batch 72042, loss 5.204, perplexity 182.01
INFO:root:	Batch 72782, loss 5.409, perplexity 223.52
INFO:root:	Batch 73546, loss 5.957, perplexity 386.27
INFO:root:	Batch 74318, loss 5.665, perplexity 288.60
INFO:root:	Batch 75086, loss 5.619, perplexity 275.75
INFO:root:	Batch 75852, loss 5.429, perplexity 227.93
INFO:root:	Batch 76615, loss 5.787, perplexity 326.07
INFO:root:	Batch 77373, loss 5.817, perplexity 335.94
INFO:root:	Batch 78133, loss 5.575, perplexity 263.71
INFO:root:	Batch 78904, loss 5.522, perplexity 250.02
INFO:root:	Batch 79664, loss 6.189, perplexity 487.24
INFO:root:	Batch 80442, loss 5.676, perplexity 291.82
INFO:root:	Batch 81186, loss 5.317, perplexity 203.72
INFO:root:	Batch 81959, loss 6.380, perplexity 589.95
INFO:root:	Batch 82721, loss 5.239, perplexity 188.57
INFO:root:	Batch 83487, loss 5.649, perplexity 284.07
INFO:root:	Batch 84225, loss 5.711, perplexity 302.25
INFO:root:	Batch 85009, loss 5.598, perplexity 269.82
INFO:root:	Batch 85755, loss 5.397, perplexity 220.74
INFO:root:	Batch 86519, loss 5.751, perplexity 314.62
INFO:root:	Batch 87286, loss 5.442, perplexity 230.88
INFO:root:	Batch 88043, loss 5.431, perplexity 228.27
INFO:root:	Batch 88792, loss 5.780, perplexity 323.64
INFO:root:	Batch 89554, loss 5.581, perplexity 265.21
INFO:root:	Batch 90320, loss 5.699, perplexity 298.44
INFO:root:	Batch 91066, loss 5.592, perplexity 268.24
INFO:root:	Batch 91815, loss 5.775, perplexity 322.19
INFO:root:	Batch 92586, loss 5.544, perplexity 255.59
INFO:root:	Batch 93340, loss 5.658, perplexity 286.49
INFO:root:	Batch 94106, loss 5.867, perplexity 353.11
INFO:root:	Batch 94862, loss 5.579, perplexity 264.86
INFO:root:	Batch 95615, loss 5.764, perplexity 318.52
INFO:root:	Batch 96390, loss 5.786, perplexity 325.85
INFO:root:	Batch 97131, loss 5.722, perplexity 305.55
INFO:root:	Batch 97907, loss 5.537, perplexity 253.85
INFO:root:	Batch 98664, loss 5.580, perplexity 264.96
INFO:root:	Batch 99408, loss 5.748, perplexity 313.47
INFO:root:	Batch 100178, loss 5.204, perplexity 182.01
INFO:root:	Batch 100946, loss 5.695, perplexity 297.48
INFO:root:	Batch 101712, loss 4.696, perplexity 109.56
INFO:root:	Batch 102473, loss 5.865, perplexity 352.53
INFO:root:	Batch 103215, loss 5.531, perplexity 252.31
INFO:root:	Batch 103986, loss 6.355, perplexity 575.56
INFO:root:	Batch 104733, loss 5.513, perplexity 247.93
INFO:root:	Batch 105495, loss 5.447, perplexity 232.09
INFO:root:	Batch 106230, loss 5.536, perplexity 253.72
INFO:root:	Batch 107002, loss 5.736, perplexity 309.91
INFO:root:	Batch 107767, loss 5.887, perplexity 360.15
INFO:root:	Batch 108514, loss 5.523, perplexity 250.27
INFO:root:	Batch 109254, loss 5.311, perplexity 202.56
INFO:root:	Batch 110029, loss 6.134, perplexity 461.28
INFO:root:	Batch 110796, loss 5.633, perplexity 279.58
INFO:root:	Batch 111561, loss 5.177, perplexity 177.21
INFO:root:	Batch 112325, loss 5.621, perplexity 276.23
INFO:root:	Batch 113067, loss 6.080, perplexity 436.81
INFO:root:	Batch 113843, loss 5.446, perplexity 231.91
INFO:root:	Batch 114587, loss 5.699, perplexity 298.62
INFO:root:	Batch 115334, loss 5.616, perplexity 274.86
INFO:root:	Batch 116069, loss 5.761, perplexity 317.70
INFO:root:	Batch 116831, loss 5.811, perplexity 334.10
INFO:root:	Batch 117608, loss 5.500, perplexity 244.62
INFO:root:	Batch 118343, loss 5.807, perplexity 332.46
INFO:root:	Batch 119104, loss 5.822, perplexity 337.64
INFO:root:	Batch 119856, loss 5.542, perplexity 255.13
INFO:root:	Batch 120619, loss 6.055, perplexity 426.25
INFO:root:	Batch 121370, loss 5.414, perplexity 224.49
INFO:root:	Batch 122111, loss 5.497, perplexity 243.98
INFO:root:	Batch 122861, loss 5.626, perplexity 277.48
INFO:root:	Batch 123623, loss 5.548, perplexity 256.68
INFO:root:	Batch 124383, loss 5.180, perplexity 177.69
INFO:root:	Batch 125131, loss 5.537, perplexity 253.91
INFO:root:	Batch 125910, loss 5.802, perplexity 331.10
INFO:root:	Batch 126680, loss 5.649, perplexity 283.89
INFO:root:	Batch 127447, loss 5.554, perplexity 258.20
INFO:root:	Batch 128201, loss 5.768, perplexity 319.95
INFO:root:	Batch 128965, loss 5.778, perplexity 323.12
INFO:root:	Batch 129711, loss 5.541, perplexity 255.05
INFO:root:	Batch 130467, loss 5.544, perplexity 255.67
INFO:root:	Batch 131208, loss 5.915, perplexity 370.39
INFO:root:	Batch 131970, loss 5.593, perplexity 268.42
INFO:root:	Batch 132711, loss 5.685, perplexity 294.46
INFO:root:	Batch 133479, loss 5.400, perplexity 221.41
INFO:root:	Batch 134215, loss 5.879, perplexity 357.49
INFO:root:	Batch 134979, loss 5.396, perplexity 220.61
INFO:root:	Batch 135737, loss 5.588, perplexity 267.09
INFO:root:	Batch 136494, loss 5.550, perplexity 257.12
INFO:root:	Batch 137260, loss 5.515, perplexity 248.48
INFO:root:	Batch 138018, loss 5.578, perplexity 264.42
INFO:root:	Batch 138787, loss 6.114, perplexity 452.30
INFO:root:	Batch 139542, loss 5.529, perplexity 251.89
INFO:root:	Batch 140303, loss 5.007, perplexity 149.52
INFO:root:	Batch 141078, loss 5.462, perplexity 235.65
INFO:root:	Batch 141837, loss 5.680, perplexity 293.10
INFO:root:	Batch 142605, loss 5.821, perplexity 337.30
INFO:root:	Batch 143333, loss 5.462, perplexity 235.51
INFO:root:	Batch 144042, loss 5.451, perplexity 233.10
INFO:root:	Batch 144788, loss 5.424, perplexity 226.71
INFO:root:	Batch 145545, loss 5.839, perplexity 343.57
INFO:root:	Batch 146308, loss 5.809, perplexity 333.29
INFO:root:	Batch 147075, loss 5.803, perplexity 331.41
INFO:root:	Batch 147844, loss 5.534, perplexity 253.20
INFO:root:	Batch 148583, loss 5.920, perplexity 372.24
INFO:root:	Batch 149355, loss 5.855, perplexity 348.98
INFO:root:	Batch 150123, loss 5.833, perplexity 341.52
INFO:root:	Batch 150861, loss 5.468, perplexity 237.03
INFO:root:	Batch 151635, loss 6.120, perplexity 454.97
INFO:root:	Batch 152385, loss 5.505, perplexity 245.91
INFO:root:	Batch 153135, loss 6.016, perplexity 410.05
INFO:root:	Batch 153897, loss 5.252, perplexity 190.91
INFO:root:	Batch 154669, loss 5.349, perplexity 210.31
INFO:root:	Batch 155441, loss 5.500, perplexity 244.66
INFO:root:	Batch 156190, loss 5.637, perplexity 280.62
INFO:root:	Batch 156951, loss 5.842, perplexity 344.63
INFO:root:	Batch 157705, loss 5.635, perplexity 280.10
INFO:root:	Batch 158448, loss 5.591, perplexity 268.09
INFO:root:	Batch 159221, loss 5.344, perplexity 209.28
INFO:root:	Batch 159988, loss 5.577, perplexity 264.38
INFO:root:	Batch 160756, loss 6.067, perplexity 431.46
INFO:root:	Batch 161489, loss 5.828, perplexity 339.71
INFO:root:	Batch 162264, loss 5.776, perplexity 322.45
INFO:root:	Batch 163026, loss 5.484, perplexity 240.90
INFO:root:	Batch 163775, loss 5.590, perplexity 267.82
INFO:root:	Batch 164541, loss 5.295, perplexity 199.36
INFO:root:	Batch 165303, loss 5.742, perplexity 311.66
INFO:root:	Batch 166057, loss 5.935, perplexity 378.10
INFO:root:	Batch 166821, loss 5.541, perplexity 254.97
INFO:root:	Batch 167588, loss 5.915, perplexity 370.58
INFO:root:	Batch 168356, loss 5.488, perplexity 241.69
INFO:root:	Batch 169122, loss 5.699, perplexity 298.65
INFO:root:	Batch 169889, loss 5.356, perplexity 211.98
INFO:root:	Batch 170649, loss 5.551, perplexity 257.37
INFO:root:	Batch 171388, loss 5.380, perplexity 217.07
INFO:root:	Batch 172119, loss 6.042, perplexity 420.74
INFO:root:	Batch 172880, loss 5.827, perplexity 339.19
INFO:root:	Batch 173641, loss 5.674, perplexity 291.17
INFO:root:	Batch 174395, loss 5.815, perplexity 335.17
INFO:root:	Batch 175160, loss 5.825, perplexity 338.53
INFO:root:	Batch 175899, loss 5.486, perplexity 241.27
INFO:root:	Batch 176653, loss 5.408, perplexity 223.18
INFO:root:	Batch 177417, loss 5.827, perplexity 339.33
INFO:root:	Batch 178184, loss 5.483, perplexity 240.59
INFO:root:	Batch 178940, loss 5.915, perplexity 370.69
INFO:root:	Batch 179721, loss 5.856, perplexity 349.20
INFO:root:	Batch 180468, loss 5.053, perplexity 156.53
INFO:root:	Batch 181230, loss 5.670, perplexity 290.12
INFO:root:	Batch 181979, loss 5.823, perplexity 337.85
INFO:root:	Batch 182746, loss 5.724, perplexity 305.98
INFO:root:	Batch 183491, loss 5.359, perplexity 212.51
INFO:root:	Batch 184256, loss 5.557, perplexity 258.99
INFO:root:	Batch 185015, loss 5.943, perplexity 381.17
INFO:root:	Batch 185775, loss 5.311, perplexity 202.62
INFO:root:	Batch 186534, loss 5.655, perplexity 285.66
INFO:root:	Batch 187275, loss 5.249, perplexity 190.30
INFO:root:	Batch 188027, loss 5.699, perplexity 298.59
INFO:root:	Batch 188782, loss 5.823, perplexity 338.11
INFO:root:	Batch 189514, loss 5.481, perplexity 239.98
INFO:root:	Batch 190285, loss 5.348, perplexity 210.16
INFO:root:	Batch 191027, loss 5.733, perplexity 308.97
INFO:root:	Batch 191789, loss 5.836, perplexity 342.55
INFO:root:	Batch 192551, loss 5.885, perplexity 359.51
INFO:root:	Batch 193287, loss 5.892, perplexity 362.09
INFO:root:	Batch 194043, loss 5.807, perplexity 332.50
INFO:root:	Batch 194800, loss 5.569, perplexity 262.06
INFO:root:	Batch 195549, loss 5.895, perplexity 363.12
INFO:root:	Batch 196302, loss 5.555, perplexity 258.57
INFO:root:	Batch 197040, loss 5.656, perplexity 285.95
INFO:root:	Batch 197794, loss 5.310, perplexity 202.29
INFO:root:	Batch 198564, loss 5.753, perplexity 315.26
INFO:root:	Batch 199317, loss 5.549, perplexity 256.96
INFO:root:	Batch 200069, loss 5.798, perplexity 329.56
INFO:root:	Batch 200833, loss 5.648, perplexity 283.64
INFO:root:	Batch 201605, loss 5.677, perplexity 292.09
INFO:root:	Batch 202370, loss 5.935, perplexity 378.17
INFO:root:	Batch 203129, loss 5.718, perplexity 304.18
INFO:root:	Batch 203879, loss 5.589, perplexity 267.40
INFO:root:	Batch 204637, loss 5.417, perplexity 225.24
INFO:root:	Batch 205390, loss 6.103, perplexity 447.31
INFO:root:	Batch 206156, loss 5.571, perplexity 262.75
INFO:root:	Batch 206903, loss 5.646, perplexity 283.22
INFO:root:	Batch 207650, loss 5.289, perplexity 198.06
INFO:root:	Batch 208412, loss 5.015, perplexity 150.71
INFO:root:	Batch 209177, loss 5.601, perplexity 270.62
INFO:root:	Batch 209934, loss 5.733, perplexity 308.78
INFO:root:	Batch 210675, loss 5.815, perplexity 335.40
INFO:root:	Batch 211428, loss 5.668, perplexity 289.40
INFO:root:	Batch 212204, loss 6.034, perplexity 417.18
INFO:root:	Batch 212946, loss 5.513, perplexity 247.78
INFO:root:	Batch 213713, loss 5.686, perplexity 294.77
INFO:root:	Batch 214483, loss 5.444, perplexity 231.25
INFO:root:	Batch 215231, loss 5.566, perplexity 261.43
INFO:root:	Batch 215997, loss 5.281, perplexity 196.62
INFO:root:	Batch 216758, loss 5.911, perplexity 369.12
INFO:root:	Batch 217549, loss 5.488, perplexity 241.65
INFO:root:	Batch 218334, loss 5.762, perplexity 317.85
INFO:root:	Batch 219120, loss 5.957, perplexity 386.46
INFO:root:	Batch 219882, loss 5.574, perplexity 263.45
INFO:root:	Batch 220666, loss 5.611, perplexity 273.46
INFO:root:	Batch 221427, loss 5.488, perplexity 241.71
INFO:root:	Batch 222216, loss 5.448, perplexity 232.28
INFO:root:	Batch 222975, loss 5.584, perplexity 266.01
INFO:root:	Batch 223710, loss 5.985, perplexity 397.32
INFO:root:	Batch 224475, loss 5.557, perplexity 258.95
INFO:root:	Batch 225265, loss 5.651, perplexity 284.57
INFO:root:	Batch 226055, loss 5.134, perplexity 169.70
INFO:root:	Batch 226825, loss 5.754, perplexity 315.60
INFO:root:	Batch 227619, loss 5.384, perplexity 217.87
INFO:root:	Batch 228397, loss 5.287, perplexity 197.84
INFO:root:	Batch 229184, loss 5.740, perplexity 311.12
INFO:root:	Batch 229954, loss 5.553, perplexity 258.11
INFO:root:	Batch 230753, loss 5.531, perplexity 252.33
INFO:root:	Batch 231541, loss 5.615, perplexity 274.60
INFO:root:	Batch 232321, loss 5.328, perplexity 206.06
INFO:root:	Batch 233103, loss 5.105, perplexity 164.89
INFO:root:	Batch 233862, loss 5.101, perplexity 164.20
INFO:root:	Batch 234663, loss 5.926, perplexity 374.48
INFO:root:	Batch 235436, loss 5.976, perplexity 393.88
INFO:root:	Batch 236191, loss 5.650, perplexity 284.42
INFO:root:	Batch 236964, loss 5.986, perplexity 397.74
INFO:root:	Batch 237759, loss 5.708, perplexity 301.13
INFO:root:	Batch 238546, loss 5.381, perplexity 217.28
INFO:root:	Batch 239327, loss 5.669, perplexity 289.76
INFO:root:	Batch 240087, loss 5.446, perplexity 231.82
INFO:root:	Batch 240867, loss 5.483, perplexity 240.59
INFO:root:	Batch 241642, loss 5.538, perplexity 254.29
INFO:root:	Batch 242419, loss 5.485, perplexity 240.95
INFO:root:	Batch 243200, loss 5.443, perplexity 231.21
INFO:root:	Batch 243987, loss 5.744, perplexity 312.28
INFO:root:	Batch 244770, loss 5.248, perplexity 190.17
INFO:root:	Batch 245545, loss 6.009, perplexity 407.14
INFO:root:	Batch 246332, loss 5.095, perplexity 163.13
INFO:root:	Batch 247087, loss 5.511, perplexity 247.39
INFO:root:	Batch 247882, loss 5.666, perplexity 288.78
INFO:root:	Batch 248656, loss 5.384, perplexity 217.89
INFO:root:	Batch 249445, loss 5.755, perplexity 315.63
INFO:root:	Batch 250234, loss 5.674, perplexity 291.13
INFO:root:	Batch 251014, loss 5.489, perplexity 242.07
INFO:root:	Batch 251784, loss 5.453, perplexity 233.37
INFO:root:	Batch 252541, loss 5.193, perplexity 179.96
INFO:root:	Batch 253338, loss 5.526, perplexity 251.18
INFO:root:	Batch 254085, loss 5.808, perplexity 333.09
INFO:root:	Batch 254821, loss 5.482, perplexity 240.29
INFO:root:	Batch 255611, loss 5.620, perplexity 275.90
INFO:root:	Batch 256382, loss 5.671, perplexity 290.36
INFO:root:	Batch 257135, loss 5.948, perplexity 382.82
INFO:root:	Batch 257890, loss 5.576, perplexity 264.07
INFO:root:	Batch 258679, loss 5.597, perplexity 269.61
INFO:root:	Batch 259458, loss 5.953, perplexity 384.90
INFO:root:	Batch 260230, loss 5.699, perplexity 298.65
INFO:root:	Batch 261016, loss 6.135, perplexity 461.94
INFO:root:	Batch 261792, loss 5.294, perplexity 199.19
INFO:root:	Batch 262571, loss 5.430, perplexity 228.18
INFO:root:	Batch 263340, loss 5.546, perplexity 256.14
INFO:root:	Batch 264125, loss 5.553, perplexity 257.97
INFO:root:	Batch 264914, loss 5.792, perplexity 327.67
INFO:root:	Batch 265682, loss 5.616, perplexity 274.73
INFO:root:	Batch 266446, loss 5.531, perplexity 252.35
INFO:root:	Batch 267228, loss 5.754, perplexity 315.59
INFO:root:	Batch 267977, loss 5.480, perplexity 239.85
INFO:root:	Batch 268767, loss 5.934, perplexity 377.82
INFO:root:	Batch 269530, loss 5.622, perplexity 276.36
INFO:root:	Batch 270308, loss 5.919, perplexity 372.00
INFO:root:	Batch 271009, loss 5.993, perplexity 400.74
INFO:root:	Batch 271764, loss 5.776, perplexity 322.35
INFO:root:	Batch 272558, loss 5.486, perplexity 241.21
INFO:root:	Batch 273310, loss 5.742, perplexity 311.82
INFO:root:	Batch 274065, loss 5.929, perplexity 375.74
INFO:root:	Batch 274852, loss 5.734, perplexity 309.18
INFO:root:	Batch 275629, loss 5.283, perplexity 196.87
INFO:root:	Batch 276391, loss 5.766, perplexity 319.14
INFO:root:	Batch 277165, loss 5.594, perplexity 268.86
INFO:root:	Batch 277915, loss 5.681, perplexity 293.16
INFO:root:	Batch 278693, loss 5.676, perplexity 291.72
INFO:root:	Batch 279437, loss 5.652, perplexity 284.96
INFO:root:	Batch 280205, loss 5.439, perplexity 230.24
INFO:root:	Batch 280982, loss 5.384, perplexity 217.93
INFO:root:	Batch 281757, loss 5.419, perplexity 225.60
INFO:root:	Batch 282548, loss 5.132, perplexity 169.41
INFO:root:	Batch 283287, loss 5.412, perplexity 224.10
INFO:root:	Batch 284066, loss 6.010, perplexity 407.52
INFO:root:	Batch 284838, loss 5.428, perplexity 227.81
INFO:root:	Batch 285620, loss 5.798, perplexity 329.48
INFO:root:	Batch 286370, loss 5.284, perplexity 197.11
INFO:root:	Batch 287123, loss 5.446, perplexity 231.85
INFO:root:	Batch 287889, loss 5.533, perplexity 252.82
INFO:root:	Batch 288631, loss 5.927, perplexity 375.18
INFO:root:	Batch 289427, loss 5.678, perplexity 292.33
INFO:root:	Batch 290192, loss 5.698, perplexity 298.36
INFO:root:	Batch 290889, loss 5.508, perplexity 246.68
INFO:root:	Batch 291669, loss 5.689, perplexity 295.69
INFO:root:	Batch 292449, loss 5.578, perplexity 264.43
INFO:root:	Batch 293236, loss 5.657, perplexity 286.32
INFO:root:	Batch 293942, loss 5.546, perplexity 256.22
INFO:root:	Batch 294729, loss 5.609, perplexity 272.82
INFO:root:	Batch 295488, loss 5.158, perplexity 173.74
INFO:root:	Batch 296243, loss 5.107, perplexity 165.13
INFO:root:	Batch 296996, loss 5.497, perplexity 244.03
INFO:root:	Batch 297771, loss 5.398, perplexity 220.88
INFO:root:	Batch 298558, loss 5.666, perplexity 288.75
INFO:root:	Batch 299313, loss 5.669, perplexity 289.80
INFO:root:	Batch 300099, loss 5.444, perplexity 231.27
INFO:root:	Batch 300865, loss 5.723, perplexity 305.84
INFO:root:	Batch 301657, loss 5.721, perplexity 305.14
INFO:root:	Batch 302419, loss 5.746, perplexity 312.84
INFO:root:	Batch 303169, loss 5.755, perplexity 315.64
INFO:root:	Batch 303936, loss 5.735, perplexity 309.46
INFO:root:	Batch 304717, loss 5.510, perplexity 247.25
INFO:root:	Batch 305476, loss 5.928, perplexity 375.30
INFO:root:	Batch 306230, loss 5.472, perplexity 237.91
INFO:root:	Batch 306976, loss 5.927, perplexity 375.03
INFO:root:	Batch 307773, loss 5.690, perplexity 295.90
INFO:root:	Batch 308575, loss 5.713, perplexity 302.90
INFO:root:	Batch 309334, loss 5.832, perplexity 341.08
INFO:root:	Batch 310088, loss 6.045, perplexity 422.16
INFO:root:	Batch 310867, loss 5.750, perplexity 314.25
INFO:root:	Batch 311655, loss 5.129, perplexity 168.86
INFO:root:	Batch 312429, loss 5.774, perplexity 321.94
INFO:root:	Batch 313211, loss 5.877, perplexity 356.70
INFO:root:	Batch 313979, loss 6.041, perplexity 420.29
INFO:root:	Batch 314756, loss 5.898, perplexity 364.27
INFO:root:	Batch 315556, loss 5.501, perplexity 244.82
INFO:root:	Batch 316330, loss 5.332, perplexity 206.79
INFO:root:	Batch 317114, loss 5.415, perplexity 224.84
INFO:root:	Batch 317888, loss 5.301, perplexity 200.51
INFO:root:	Batch 318675, loss 5.298, perplexity 199.92
INFO:root:	Batch 319457, loss 5.488, perplexity 241.78
INFO:root:	Batch 320232, loss 5.392, perplexity 219.72
INFO:root:	Batch 320991, loss 5.753, perplexity 315.11
INFO:root:	Batch 321772, loss 5.231, perplexity 186.93
INFO:root:	Batch 322559, loss 5.524, perplexity 250.73
INFO:root:	Batch 323348, loss 5.145, perplexity 171.61
INFO:root:	Batch 324112, loss 5.314, perplexity 203.25
INFO:root:	Batch 324873, loss 5.488, perplexity 241.71
INFO:root:	Batch 325633, loss 5.157, perplexity 173.71
INFO:root:	Batch 326422, loss 5.581, perplexity 265.45
INFO:root:	Batch 327218, loss 5.666, perplexity 288.75
INFO:root:	Batch 328026, loss 5.868, perplexity 353.45
INFO:root:	Batch 328791, loss 5.245, perplexity 189.66
INFO:root:	Batch 329541, loss 5.926, perplexity 374.57
INFO:root:	Batch 330340, loss 5.311, perplexity 202.53
INFO:root:	Batch 331111, loss 5.563, perplexity 260.72
INFO:root:	Batch 331902, loss 5.364, perplexity 213.62
INFO:root:	Batch 332704, loss 5.305, perplexity 201.27
INFO:root:	Batch 333485, loss 5.453, perplexity 233.43
INFO:root:	Batch 334252, loss 5.967, perplexity 390.21
INFO:root:	Batch 335030, loss 5.684, perplexity 294.18
INFO:root:	Batch 335803, loss 5.222, perplexity 185.34
INFO:root:	Batch 336593, loss 5.599, perplexity 270.20
INFO:root:	Batch 337366, loss 5.357, perplexity 212.11
INFO:root:	Batch 338132, loss 5.366, perplexity 214.06
INFO:root:	Batch 338914, loss 5.168, perplexity 175.53
INFO:root:	Batch 339687, loss 5.755, perplexity 315.85
INFO:root:	Batch 340456, loss 5.267, perplexity 193.84
INFO:root:	Batch 341233, loss 5.791, perplexity 327.23
INFO:root:	Batch 342022, loss 5.482, perplexity 240.27
INFO:root:	Batch 342807, loss 5.497, perplexity 243.97
INFO:root:	Batch 343523, loss 5.444, perplexity 231.36
DEBUG:root:Validation perplexity: 248.2
DEBUG:root:Test perplexity: 730.2
DEBUG:root:END EPOCH now = 2019-12-18 23:40:40.580616
DEBUG:root:START EPOCH now = 2019-12-18 23:40:40.580894
DEBUG:root:Training epoch 3
INFO:root:	Batch 0, loss 5.512, perplexity 247.56
INFO:root:	Batch 668, loss 6.185, perplexity 485.23
INFO:root:	Batch 1458, loss 5.807, perplexity 332.55
INFO:root:	Batch 2242, loss 5.517, perplexity 248.89
INFO:root:	Batch 2997, loss 5.512, perplexity 247.65
INFO:root:	Batch 3784, loss 5.551, perplexity 257.40
INFO:root:	Batch 4583, loss 5.716, perplexity 303.64
INFO:root:	Batch 5334, loss 5.810, perplexity 333.64
INFO:root:	Batch 6108, loss 6.070, perplexity 432.77
INFO:root:	Batch 6870, loss 5.645, perplexity 282.97
INFO:root:	Batch 7629, loss 5.508, perplexity 246.72
INFO:root:	Batch 8417, loss 4.947, perplexity 140.77
INFO:root:	Batch 9230, loss 5.442, perplexity 230.97
INFO:root:	Batch 10022, loss 5.761, perplexity 317.65
INFO:root:	Batch 10792, loss 5.688, perplexity 295.16
INFO:root:	Batch 11550, loss 5.672, perplexity 290.72
INFO:root:	Batch 12288, loss 5.217, perplexity 184.31
INFO:root:	Batch 13032, loss 5.734, perplexity 309.33
INFO:root:	Batch 13812, loss 5.612, perplexity 273.61
INFO:root:	Batch 14562, loss 5.632, perplexity 279.18
INFO:root:	Batch 15350, loss 5.314, perplexity 203.19
INFO:root:	Batch 16126, loss 5.467, perplexity 236.86
INFO:root:	Batch 16920, loss 5.936, perplexity 378.24
INFO:root:	Batch 17688, loss 5.277, perplexity 195.81
INFO:root:	Batch 18468, loss 5.652, perplexity 284.77
INFO:root:	Batch 19181, loss 5.503, perplexity 245.36
INFO:root:	Batch 19891, loss 5.282, perplexity 196.78
INFO:root:	Batch 20593, loss 5.915, perplexity 370.44
INFO:root:	Batch 21288, loss 5.752, perplexity 314.82
INFO:root:	Batch 21982, loss 5.508, perplexity 246.78
INFO:root:	Batch 22677, loss 5.709, perplexity 301.49
INFO:root:	Batch 23371, loss 5.452, perplexity 233.20
INFO:root:	Batch 24067, loss 5.705, perplexity 300.32
INFO:root:	Batch 24750, loss 5.614, perplexity 274.15
INFO:root:	Batch 25434, loss 5.411, perplexity 223.79
INFO:root:	Batch 26127, loss 5.527, perplexity 251.41
INFO:root:	Batch 26816, loss 5.560, perplexity 259.78
INFO:root:	Batch 27515, loss 5.700, perplexity 298.91
INFO:root:	Batch 28227, loss 5.686, perplexity 294.82
INFO:root:	Batch 28925, loss 5.616, perplexity 274.72
INFO:root:	Batch 29621, loss 5.214, perplexity 183.91
INFO:root:	Batch 30306, loss 5.363, perplexity 213.31
INFO:root:	Batch 31015, loss 5.383, perplexity 217.74
INFO:root:	Batch 31719, loss 5.498, perplexity 244.09
INFO:root:	Batch 32433, loss 5.408, perplexity 223.17
INFO:root:	Batch 33155, loss 5.323, perplexity 205.09
INFO:root:	Batch 33866, loss 5.998, perplexity 402.75
INFO:root:	Batch 34576, loss 5.101, perplexity 164.13
INFO:root:	Batch 35278, loss 5.485, perplexity 241.06
INFO:root:	Batch 35977, loss 5.290, perplexity 198.25
INFO:root:	Batch 36693, loss 5.471, perplexity 237.67
INFO:root:	Batch 37385, loss 5.460, perplexity 235.12
INFO:root:	Batch 38100, loss 5.676, perplexity 291.69
INFO:root:	Batch 38802, loss 5.558, perplexity 259.29
INFO:root:	Batch 39520, loss 5.401, perplexity 221.53
INFO:root:	Batch 40227, loss 5.677, perplexity 292.04
INFO:root:	Batch 40949, loss 5.920, perplexity 372.52
INFO:root:	Batch 41659, loss 5.512, perplexity 247.74
INFO:root:	Batch 42373, loss 5.850, perplexity 347.33
INFO:root:	Batch 43096, loss 5.866, perplexity 352.90
INFO:root:	Batch 43805, loss 5.639, perplexity 281.19
INFO:root:	Batch 44497, loss 5.288, perplexity 197.88
INFO:root:	Batch 45215, loss 5.742, perplexity 311.84
INFO:root:	Batch 45924, loss 5.575, perplexity 263.76
INFO:root:	Batch 46625, loss 5.130, perplexity 169.03
INFO:root:	Batch 47353, loss 5.483, perplexity 240.59
INFO:root:	Batch 48075, loss 5.623, perplexity 276.80
INFO:root:	Batch 48771, loss 5.991, perplexity 399.90
INFO:root:	Batch 49474, loss 5.517, perplexity 248.93
INFO:root:	Batch 50177, loss 5.646, perplexity 283.03
INFO:root:	Batch 50875, loss 5.231, perplexity 187.05
INFO:root:	Batch 51572, loss 5.613, perplexity 273.93
INFO:root:	Batch 52274, loss 5.479, perplexity 239.55
INFO:root:	Batch 52974, loss 5.221, perplexity 185.08
INFO:root:	Batch 53670, loss 5.654, perplexity 285.45
INFO:root:	Batch 54370, loss 5.466, perplexity 236.61
INFO:root:	Batch 55081, loss 5.892, perplexity 362.25
INFO:root:	Batch 55794, loss 5.301, perplexity 200.48
INFO:root:	Batch 56512, loss 5.728, perplexity 307.29
INFO:root:	Batch 57212, loss 5.135, perplexity 169.84
INFO:root:	Batch 57917, loss 5.631, perplexity 279.02
INFO:root:	Batch 58641, loss 5.235, perplexity 187.77
INFO:root:	Batch 59342, loss 5.250, perplexity 190.59
INFO:root:	Batch 60044, loss 5.427, perplexity 227.54
INFO:root:	Batch 60749, loss 5.893, perplexity 362.50
INFO:root:	Batch 61450, loss 5.625, perplexity 277.35
INFO:root:	Batch 62150, loss 5.461, perplexity 235.41
INFO:root:	Batch 62862, loss 5.590, perplexity 267.64
INFO:root:	Batch 63564, loss 5.702, perplexity 299.34
INFO:root:	Batch 64280, loss 5.885, perplexity 359.62
INFO:root:	Batch 64984, loss 6.045, perplexity 422.18
INFO:root:	Batch 65702, loss 5.304, perplexity 201.18
INFO:root:	Batch 66409, loss 5.249, perplexity 190.30
INFO:root:	Batch 67128, loss 5.106, perplexity 165.06
INFO:root:	Batch 67826, loss 5.931, perplexity 376.47
INFO:root:	Batch 68528, loss 5.847, perplexity 346.35
INFO:root:	Batch 69236, loss 5.551, perplexity 257.48
INFO:root:	Batch 69933, loss 6.034, perplexity 417.37
INFO:root:	Batch 70638, loss 5.648, perplexity 283.81
INFO:root:	Batch 71332, loss 5.437, perplexity 229.74
INFO:root:	Batch 72030, loss 5.297, perplexity 199.64
INFO:root:	Batch 72722, loss 5.805, perplexity 332.01
INFO:root:	Batch 73431, loss 5.303, perplexity 201.00
INFO:root:	Batch 74136, loss 5.665, perplexity 288.54
INFO:root:	Batch 74846, loss 5.296, perplexity 199.61
INFO:root:	Batch 75551, loss 5.370, perplexity 214.94
INFO:root:	Batch 76261, loss 5.468, perplexity 236.88
INFO:root:	Batch 76976, loss 5.160, perplexity 174.17
INFO:root:	Batch 77670, loss 5.730, perplexity 308.11
INFO:root:	Batch 78376, loss 5.252, perplexity 190.98
INFO:root:	Batch 79074, loss 5.952, perplexity 384.36
INFO:root:	Batch 79787, loss 5.290, perplexity 198.25
INFO:root:	Batch 80485, loss 5.914, perplexity 370.03
INFO:root:	Batch 81193, loss 5.393, perplexity 219.84
INFO:root:	Batch 81898, loss 5.457, perplexity 234.43
INFO:root:	Batch 82600, loss 5.438, perplexity 230.01
INFO:root:	Batch 83301, loss 5.332, perplexity 206.76
INFO:root:	Batch 84004, loss 5.005, perplexity 149.19
INFO:root:	Batch 84696, loss 5.726, perplexity 306.62
INFO:root:	Batch 85400, loss 5.934, perplexity 377.81
INFO:root:	Batch 86111, loss 5.919, perplexity 372.01
INFO:root:	Batch 86805, loss 4.997, perplexity 147.96
INFO:root:	Batch 87509, loss 5.450, perplexity 232.77
INFO:root:	Batch 88202, loss 5.056, perplexity 156.90
INFO:root:	Batch 88896, loss 5.229, perplexity 186.57
INFO:root:	Batch 89589, loss 5.773, perplexity 321.51
INFO:root:	Batch 90303, loss 5.713, perplexity 302.64
INFO:root:	Batch 91016, loss 5.384, perplexity 217.81
INFO:root:	Batch 91723, loss 5.763, perplexity 318.46
INFO:root:	Batch 92425, loss 5.659, perplexity 286.95
INFO:root:	Batch 93113, loss 5.385, perplexity 218.21
INFO:root:	Batch 93819, loss 5.377, perplexity 216.44
INFO:root:	Batch 94515, loss 5.359, perplexity 212.57
INFO:root:	Batch 95212, loss 5.559, perplexity 259.57
INFO:root:	Batch 95906, loss 5.557, perplexity 259.14
INFO:root:	Batch 96611, loss 5.417, perplexity 225.22
INFO:root:	Batch 97327, loss 5.380, perplexity 217.07
INFO:root:	Batch 98017, loss 5.077, perplexity 160.36
INFO:root:	Batch 98721, loss 5.593, perplexity 268.60
INFO:root:	Batch 99432, loss 5.785, perplexity 325.25
INFO:root:	Batch 100130, loss 5.292, perplexity 198.82
INFO:root:	Batch 100852, loss 5.464, perplexity 235.94
INFO:root:	Batch 101552, loss 5.248, perplexity 190.19
INFO:root:	Batch 102243, loss 5.583, perplexity 265.88
INFO:root:	Batch 102937, loss 5.729, perplexity 307.77
INFO:root:	Batch 103625, loss 5.598, perplexity 269.99
INFO:root:	Batch 104339, loss 5.699, perplexity 298.70
INFO:root:	Batch 105047, loss 5.458, perplexity 234.61
INFO:root:	Batch 105737, loss 5.985, perplexity 397.50
INFO:root:	Batch 106420, loss 5.307, perplexity 201.73
INFO:root:	Batch 107118, loss 5.233, perplexity 187.29
INFO:root:	Batch 107823, loss 5.453, perplexity 233.44
INFO:root:	Batch 108520, loss 5.431, perplexity 228.34
INFO:root:	Batch 109227, loss 5.878, perplexity 357.01
INFO:root:	Batch 109945, loss 5.783, perplexity 324.84
INFO:root:	Batch 110647, loss 5.809, perplexity 333.14
INFO:root:	Batch 111348, loss 5.550, perplexity 257.14
INFO:root:	Batch 112043, loss 5.180, perplexity 177.62
INFO:root:	Batch 112741, loss 5.704, perplexity 300.05
INFO:root:	Batch 113476, loss 5.191, perplexity 179.71
INFO:root:	Batch 114184, loss 5.628, perplexity 278.05
INFO:root:	Batch 114898, loss 5.079, perplexity 160.67
INFO:root:	Batch 115620, loss 5.651, perplexity 284.62
INFO:root:	Batch 116334, loss 5.507, perplexity 246.34
INFO:root:	Batch 117056, loss 6.195, perplexity 490.32
INFO:root:	Batch 117756, loss 5.337, perplexity 207.84
INFO:root:	Batch 118472, loss 5.929, perplexity 375.77
INFO:root:	Batch 119170, loss 5.537, perplexity 253.87
INFO:root:	Batch 119876, loss 5.676, perplexity 291.78
INFO:root:	Batch 120584, loss 5.619, perplexity 275.48
INFO:root:	Batch 121283, loss 5.845, perplexity 345.63
INFO:root:	Batch 121997, loss 5.493, perplexity 242.95
INFO:root:	Batch 122700, loss 5.381, perplexity 217.17
INFO:root:	Batch 123389, loss 5.174, perplexity 176.70
INFO:root:	Batch 124094, loss 5.323, perplexity 204.97
INFO:root:	Batch 124815, loss 5.562, perplexity 260.42
INFO:root:	Batch 125522, loss 5.067, perplexity 158.74
INFO:root:	Batch 126218, loss 5.856, perplexity 349.16
INFO:root:	Batch 126936, loss 5.565, perplexity 261.05
INFO:root:	Batch 127642, loss 5.282, perplexity 196.75
INFO:root:	Batch 128352, loss 5.047, perplexity 155.61
INFO:root:	Batch 129056, loss 5.220, perplexity 184.85
INFO:root:	Batch 129759, loss 5.709, perplexity 301.62
INFO:root:	Batch 130472, loss 5.435, perplexity 229.32
INFO:root:	Batch 131181, loss 5.320, perplexity 204.46
INFO:root:	Batch 131883, loss 5.960, perplexity 387.43
INFO:root:	Batch 132588, loss 5.529, perplexity 251.77
INFO:root:	Batch 133285, loss 5.493, perplexity 242.94
INFO:root:	Batch 133971, loss 6.155, perplexity 471.20
INFO:root:	Batch 134675, loss 6.025, perplexity 413.49
INFO:root:	Batch 135360, loss 5.642, perplexity 281.99
INFO:root:	Batch 136065, loss 5.721, perplexity 305.19
INFO:root:	Batch 136760, loss 5.399, perplexity 221.24
INFO:root:	Batch 137462, loss 5.415, perplexity 224.77
INFO:root:	Batch 138154, loss 5.153, perplexity 172.98
INFO:root:	Batch 138866, loss 5.659, perplexity 286.97
INFO:root:	Batch 139567, loss 5.514, perplexity 248.02
INFO:root:	Batch 140274, loss 5.510, perplexity 247.16
INFO:root:	Batch 140973, loss 5.498, perplexity 244.14
INFO:root:	Batch 141671, loss 5.660, perplexity 287.17
INFO:root:	Batch 142375, loss 5.716, perplexity 303.82
INFO:root:	Batch 143080, loss 5.429, perplexity 228.00
INFO:root:	Batch 143784, loss 5.527, perplexity 251.27
INFO:root:	Batch 144504, loss 5.198, perplexity 180.97
INFO:root:	Batch 145201, loss 5.884, perplexity 359.12
INFO:root:	Batch 145901, loss 5.471, perplexity 237.76
INFO:root:	Batch 146606, loss 5.673, perplexity 291.02
INFO:root:	Batch 147298, loss 5.730, perplexity 307.88
INFO:root:	Batch 148004, loss 5.578, perplexity 264.50
INFO:root:	Batch 148686, loss 5.345, perplexity 209.66
INFO:root:	Batch 149399, loss 5.742, perplexity 311.64
INFO:root:	Batch 150090, loss 5.057, perplexity 157.18
INFO:root:	Batch 150798, loss 5.375, perplexity 215.90
INFO:root:	Batch 151507, loss 5.981, perplexity 395.77
INFO:root:	Batch 152200, loss 5.372, perplexity 215.38
INFO:root:	Batch 152897, loss 5.558, perplexity 259.24
INFO:root:	Batch 153605, loss 5.916, perplexity 371.08
INFO:root:	Batch 154319, loss 5.826, perplexity 338.99
INFO:root:	Batch 155025, loss 5.352, perplexity 211.04
INFO:root:	Batch 155719, loss 5.545, perplexity 255.96
INFO:root:	Batch 156464, loss 5.881, perplexity 358.25
INFO:root:	Batch 157236, loss 5.248, perplexity 190.14
INFO:root:	Batch 158017, loss 5.327, perplexity 205.75
INFO:root:	Batch 158787, loss 5.414, perplexity 224.45
INFO:root:	Batch 159583, loss 5.458, perplexity 234.73
INFO:root:	Batch 160351, loss 5.304, perplexity 201.09
INFO:root:	Batch 161133, loss 5.266, perplexity 193.71
INFO:root:	Batch 161918, loss 5.796, perplexity 329.10
INFO:root:	Batch 162692, loss 5.412, perplexity 223.99
INFO:root:	Batch 163478, loss 5.570, perplexity 262.44
INFO:root:	Batch 164254, loss 5.357, perplexity 212.05
INFO:root:	Batch 165004, loss 5.428, perplexity 227.60
INFO:root:	Batch 165751, loss 5.407, perplexity 222.97
INFO:root:	Batch 166543, loss 5.454, perplexity 233.79
INFO:root:	Batch 167318, loss 5.698, perplexity 298.39
INFO:root:	Batch 168109, loss 5.335, perplexity 207.43
INFO:root:	Batch 168899, loss 5.815, perplexity 335.29
INFO:root:	Batch 169659, loss 5.921, perplexity 372.77
INFO:root:	Batch 170454, loss 5.337, perplexity 207.97
INFO:root:	Batch 171230, loss 5.678, perplexity 292.29
INFO:root:	Batch 172005, loss 5.570, perplexity 262.53
INFO:root:	Batch 172776, loss 5.590, perplexity 267.61
INFO:root:	Batch 173550, loss 5.597, perplexity 269.58
INFO:root:	Batch 174332, loss 5.628, perplexity 278.03
INFO:root:	Batch 175081, loss 5.431, perplexity 228.47
INFO:root:	Batch 175858, loss 5.637, perplexity 280.67
INFO:root:	Batch 176626, loss 5.883, perplexity 358.71
INFO:root:	Batch 177421, loss 5.158, perplexity 173.75
INFO:root:	Batch 178194, loss 5.224, perplexity 185.62
INFO:root:	Batch 178967, loss 5.734, perplexity 309.33
INFO:root:	Batch 179743, loss 5.764, perplexity 318.65
INFO:root:	Batch 180535, loss 5.287, perplexity 197.66
INFO:root:	Batch 181298, loss 5.775, perplexity 322.14
INFO:root:	Batch 182090, loss 5.492, perplexity 242.76
INFO:root:	Batch 182868, loss 5.455, perplexity 234.03
INFO:root:	Batch 183659, loss 5.654, perplexity 285.35
INFO:root:	Batch 184446, loss 5.600, perplexity 270.38
INFO:root:	Batch 185216, loss 5.354, perplexity 211.42
INFO:root:	Batch 185986, loss 5.676, perplexity 291.79
INFO:root:	Batch 186766, loss 5.790, perplexity 326.86
INFO:root:	Batch 187522, loss 5.550, perplexity 257.28
INFO:root:	Batch 188314, loss 5.530, perplexity 252.11
INFO:root:	Batch 189060, loss 5.517, perplexity 248.84
INFO:root:	Batch 189802, loss 5.296, perplexity 199.61
INFO:root:	Batch 190544, loss 5.233, perplexity 187.31
INFO:root:	Batch 191275, loss 5.383, perplexity 217.62
INFO:root:	Batch 192009, loss 5.633, perplexity 279.50
INFO:root:	Batch 192729, loss 5.629, perplexity 278.30
INFO:root:	Batch 193458, loss 5.768, perplexity 319.94
INFO:root:	Batch 194182, loss 5.244, perplexity 189.40
INFO:root:	Batch 194905, loss 5.459, perplexity 234.90
INFO:root:	Batch 195630, loss 5.685, perplexity 294.38
INFO:root:	Batch 196357, loss 5.567, perplexity 261.63
INFO:root:	Batch 197081, loss 5.040, perplexity 154.44
INFO:root:	Batch 197819, loss 5.676, perplexity 291.88
INFO:root:	Batch 198544, loss 5.327, perplexity 205.83
INFO:root:	Batch 199274, loss 5.436, perplexity 229.53
INFO:root:	Batch 200002, loss 5.547, perplexity 256.39
INFO:root:	Batch 200734, loss 5.516, perplexity 248.74
INFO:root:	Batch 201468, loss 5.542, perplexity 255.11
INFO:root:	Batch 202195, loss 5.552, perplexity 257.73
INFO:root:	Batch 202946, loss 6.036, perplexity 418.19
INFO:root:	Batch 203672, loss 4.958, perplexity 142.31
INFO:root:	Batch 204404, loss 6.074, perplexity 434.43
INFO:root:	Batch 205123, loss 5.585, perplexity 266.35
INFO:root:	Batch 205846, loss 5.490, perplexity 242.38
INFO:root:	Batch 206561, loss 5.798, perplexity 329.70
INFO:root:	Batch 207294, loss 5.246, perplexity 189.73
INFO:root:	Batch 208019, loss 5.394, perplexity 220.12
INFO:root:	Batch 208755, loss 5.616, perplexity 274.69
INFO:root:	Batch 209478, loss 5.567, perplexity 261.57
INFO:root:	Batch 210221, loss 5.551, perplexity 257.41
INFO:root:	Batch 210945, loss 5.437, perplexity 229.64
INFO:root:	Batch 211684, loss 5.652, perplexity 284.82
INFO:root:	Batch 212415, loss 5.660, perplexity 287.03
INFO:root:	Batch 213156, loss 5.312, perplexity 202.74
INFO:root:	Batch 213883, loss 5.542, perplexity 255.10
INFO:root:	Batch 214604, loss 5.601, perplexity 270.83
INFO:root:	Batch 215323, loss 5.292, perplexity 198.81
INFO:root:	Batch 216033, loss 5.328, perplexity 206.03
INFO:root:	Batch 216777, loss 5.217, perplexity 184.33
INFO:root:	Batch 217509, loss 5.433, perplexity 228.76
INFO:root:	Batch 218225, loss 5.774, perplexity 321.68
INFO:root:	Batch 218946, loss 5.398, perplexity 220.91
INFO:root:	Batch 219669, loss 5.358, perplexity 212.37
INFO:root:	Batch 220392, loss 5.705, perplexity 300.28
INFO:root:	Batch 221132, loss 5.313, perplexity 202.93
INFO:root:	Batch 221859, loss 5.748, perplexity 313.42
INFO:root:	Batch 222601, loss 5.118, perplexity 167.07
INFO:root:	Batch 223318, loss 5.461, perplexity 235.38
INFO:root:	Batch 224031, loss 5.715, perplexity 303.29
INFO:root:	Batch 224777, loss 5.276, perplexity 195.66
INFO:root:	Batch 225518, loss 5.626, perplexity 277.46
INFO:root:	Batch 226250, loss 5.471, perplexity 237.79
INFO:root:	Batch 226968, loss 5.792, perplexity 327.59
INFO:root:	Batch 227694, loss 5.223, perplexity 185.51
INFO:root:	Batch 228403, loss 5.712, perplexity 302.40
INFO:root:	Batch 229133, loss 5.591, perplexity 267.91
INFO:root:	Batch 229864, loss 5.524, perplexity 250.53
INFO:root:	Batch 230587, loss 5.753, perplexity 315.11
INFO:root:	Batch 231317, loss 5.681, perplexity 293.17
INFO:root:	Batch 232048, loss 5.579, perplexity 264.75
INFO:root:	Batch 232759, loss 5.340, perplexity 208.53
INFO:root:	Batch 233477, loss 5.476, perplexity 238.98
INFO:root:	Batch 234208, loss 5.471, perplexity 237.73
INFO:root:	Batch 234950, loss 5.461, perplexity 235.35
INFO:root:	Batch 235689, loss 5.443, perplexity 231.19
INFO:root:	Batch 236422, loss 5.415, perplexity 224.80
INFO:root:	Batch 237151, loss 5.664, perplexity 288.29
INFO:root:	Batch 237865, loss 5.462, perplexity 235.67
INFO:root:	Batch 238581, loss 5.591, perplexity 268.06
INFO:root:	Batch 239320, loss 5.543, perplexity 255.39
INFO:root:	Batch 240047, loss 5.621, perplexity 276.13
INFO:root:	Batch 240793, loss 5.614, perplexity 274.31
INFO:root:	Batch 241520, loss 5.506, perplexity 246.26
INFO:root:	Batch 242229, loss 5.839, perplexity 343.45
INFO:root:	Batch 242954, loss 5.274, perplexity 195.22
INFO:root:	Batch 243686, loss 5.274, perplexity 195.29
INFO:root:	Batch 244425, loss 5.447, perplexity 232.09
INFO:root:	Batch 245158, loss 5.778, perplexity 323.06
INFO:root:	Batch 245867, loss 5.798, perplexity 329.66
INFO:root:	Batch 246591, loss 5.810, perplexity 333.69
INFO:root:	Batch 247321, loss 5.266, perplexity 193.64
INFO:root:	Batch 248053, loss 5.841, perplexity 344.00
INFO:root:	Batch 248790, loss 5.497, perplexity 243.91
INFO:root:	Batch 249516, loss 5.483, perplexity 240.64
INFO:root:	Batch 250236, loss 5.714, perplexity 302.93
INFO:root:	Batch 250955, loss 5.512, perplexity 247.64
INFO:root:	Batch 251675, loss 5.691, perplexity 296.28
INFO:root:	Batch 252412, loss 5.125, perplexity 168.16
INFO:root:	Batch 253133, loss 5.636, perplexity 280.23
INFO:root:	Batch 253846, loss 5.362, perplexity 213.25
INFO:root:	Batch 254554, loss 5.605, perplexity 271.87
INFO:root:	Batch 255280, loss 5.558, perplexity 259.24
INFO:root:	Batch 255996, loss 5.514, perplexity 248.26
INFO:root:	Batch 256732, loss 5.657, perplexity 286.19
INFO:root:	Batch 257465, loss 6.010, perplexity 407.49
INFO:root:	Batch 258187, loss 5.370, perplexity 214.91
INFO:root:	Batch 258929, loss 5.599, perplexity 270.25
INFO:root:	Batch 259638, loss 5.431, perplexity 228.33
INFO:root:	Batch 260356, loss 5.676, perplexity 291.78
INFO:root:	Batch 261081, loss 5.573, perplexity 263.12
INFO:root:	Batch 261808, loss 5.630, perplexity 278.79
INFO:root:	Batch 262554, loss 5.750, perplexity 314.32
INFO:root:	Batch 263284, loss 5.852, perplexity 347.90
INFO:root:	Batch 264008, loss 5.532, perplexity 252.66
INFO:root:	Batch 264730, loss 5.888, perplexity 360.50
INFO:root:	Batch 265453, loss 5.606, perplexity 272.02
INFO:root:	Batch 266168, loss 5.788, perplexity 326.35
INFO:root:	Batch 266891, loss 5.485, perplexity 241.16
INFO:root:	Batch 267620, loss 5.389, perplexity 219.00
INFO:root:	Batch 268330, loss 5.526, perplexity 251.05
INFO:root:	Batch 269043, loss 5.566, perplexity 261.44
INFO:root:	Batch 269769, loss 5.527, perplexity 251.49
INFO:root:	Batch 270499, loss 5.118, perplexity 167.07
INFO:root:	Batch 271238, loss 5.680, perplexity 293.02
INFO:root:	Batch 271963, loss 5.383, perplexity 217.57
INFO:root:	Batch 272680, loss 5.359, perplexity 212.60
INFO:root:	Batch 273414, loss 5.163, perplexity 174.69
INFO:root:	Batch 274135, loss 5.523, perplexity 250.46
INFO:root:	Batch 274868, loss 5.691, perplexity 296.05
INFO:root:	Batch 275601, loss 5.130, perplexity 168.97
INFO:root:	Batch 276331, loss 5.320, perplexity 204.42
INFO:root:	Batch 277063, loss 5.734, perplexity 309.26
INFO:root:	Batch 277778, loss 5.578, perplexity 264.62
INFO:root:	Batch 278494, loss 5.361, perplexity 212.92
INFO:root:	Batch 279199, loss 5.057, perplexity 157.13
INFO:root:	Batch 279919, loss 5.551, perplexity 257.54
INFO:root:	Batch 280622, loss 5.604, perplexity 271.62
INFO:root:	Batch 281351, loss 5.446, perplexity 231.84
INFO:root:	Batch 282074, loss 5.474, perplexity 238.34
INFO:root:	Batch 282810, loss 5.695, perplexity 297.49
INFO:root:	Batch 283540, loss 5.418, perplexity 225.47
INFO:root:	Batch 284269, loss 5.389, perplexity 219.05
INFO:root:	Batch 284988, loss 5.853, perplexity 348.18
INFO:root:	Batch 285717, loss 5.677, perplexity 292.11
INFO:root:	Batch 286449, loss 5.202, perplexity 181.64
INFO:root:	Batch 287181, loss 5.887, perplexity 360.29
INFO:root:	Batch 287914, loss 5.650, perplexity 284.17
INFO:root:	Batch 288653, loss 5.602, perplexity 270.92
INFO:root:	Batch 289400, loss 5.511, perplexity 247.48
INFO:root:	Batch 290122, loss 5.538, perplexity 254.22
INFO:root:	Batch 290847, loss 5.816, perplexity 335.79
INFO:root:	Batch 291580, loss 5.105, perplexity 164.83
INFO:root:	Batch 292295, loss 5.615, perplexity 274.63
INFO:root:	Batch 293017, loss 5.919, perplexity 372.17
INFO:root:	Batch 293759, loss 5.931, perplexity 376.38
INFO:root:	Batch 294493, loss 5.279, perplexity 196.18
INFO:root:	Batch 295220, loss 5.477, perplexity 239.17
INFO:root:	Batch 295942, loss 5.573, perplexity 263.24
INFO:root:	Batch 296684, loss 5.832, perplexity 340.88
INFO:root:	Batch 297391, loss 6.017, perplexity 410.16
INFO:root:	Batch 298132, loss 5.873, perplexity 355.18
INFO:root:	Batch 298855, loss 6.180, perplexity 482.77
INFO:root:	Batch 299574, loss 5.800, perplexity 330.44
INFO:root:	Batch 300322, loss 5.911, perplexity 369.19
INFO:root:	Batch 301035, loss 5.568, perplexity 261.85
INFO:root:	Batch 301774, loss 5.385, perplexity 218.10
INFO:root:	Batch 302499, loss 5.455, perplexity 234.00
INFO:root:	Batch 303212, loss 5.524, perplexity 250.65
INFO:root:	Batch 303942, loss 5.260, perplexity 192.41
INFO:root:	Batch 304653, loss 5.494, perplexity 243.23
INFO:root:	Batch 305385, loss 5.755, perplexity 315.75
INFO:root:	Batch 306118, loss 5.736, perplexity 309.82
INFO:root:	Batch 306848, loss 5.151, perplexity 172.58
INFO:root:	Batch 307572, loss 5.465, perplexity 236.27
INFO:root:	Batch 308301, loss 5.824, perplexity 338.35
INFO:root:	Batch 309034, loss 5.986, perplexity 397.91
INFO:root:	Batch 309766, loss 5.338, perplexity 208.18
INFO:root:	Batch 310496, loss 5.385, perplexity 218.16
INFO:root:	Batch 311219, loss 5.562, perplexity 260.33
INFO:root:	Batch 311944, loss 5.704, perplexity 299.98
INFO:root:	Batch 312657, loss 5.374, perplexity 215.68
INFO:root:	Batch 313385, loss 5.633, perplexity 279.56
INFO:root:	Batch 314122, loss 5.576, perplexity 264.12
INFO:root:	Batch 314836, loss 5.182, perplexity 178.12
INFO:root:	Batch 315564, loss 5.226, perplexity 185.96
INFO:root:	Batch 316299, loss 5.521, perplexity 249.93
INFO:root:	Batch 317037, loss 5.623, perplexity 276.71
INFO:root:	Batch 317741, loss 5.771, perplexity 320.79
INFO:root:	Batch 318475, loss 5.173, perplexity 176.40
INFO:root:	Batch 319220, loss 5.462, perplexity 235.67
INFO:root:	Batch 319936, loss 5.635, perplexity 280.01
INFO:root:	Batch 320666, loss 5.292, perplexity 198.82
INFO:root:	Batch 321381, loss 5.582, perplexity 265.68
INFO:root:	Batch 322121, loss 5.199, perplexity 181.14
INFO:root:	Batch 322841, loss 5.518, perplexity 249.11
INFO:root:	Batch 323572, loss 5.277, perplexity 195.75
INFO:root:	Batch 324311, loss 5.650, perplexity 284.33
INFO:root:	Batch 325043, loss 5.621, perplexity 276.28
INFO:root:	Batch 325768, loss 5.528, perplexity 251.68
INFO:root:	Batch 326486, loss 5.100, perplexity 164.01
INFO:root:	Batch 327217, loss 5.929, perplexity 375.74
INFO:root:	Batch 327944, loss 5.676, perplexity 291.77
INFO:root:	Batch 328673, loss 5.471, perplexity 237.76
INFO:root:	Batch 329399, loss 5.538, perplexity 254.12
INFO:root:	Batch 330111, loss 5.443, perplexity 231.11
INFO:root:	Batch 330827, loss 5.760, perplexity 317.39
INFO:root:	Batch 331551, loss 5.662, perplexity 287.69
INFO:root:	Batch 332282, loss 5.463, perplexity 235.92
INFO:root:	Batch 332996, loss 5.552, perplexity 257.81
INFO:root:	Batch 333715, loss 5.900, perplexity 364.96
INFO:root:	Batch 334449, loss 5.195, perplexity 180.37
INFO:root:	Batch 335169, loss 5.707, perplexity 301.00
INFO:root:	Batch 335902, loss 5.461, perplexity 235.24
INFO:root:	Batch 336636, loss 5.501, perplexity 245.01
INFO:root:	Batch 337369, loss 5.821, perplexity 337.41
INFO:root:	Batch 338095, loss 6.013, perplexity 408.86
INFO:root:	Batch 338817, loss 5.443, perplexity 231.15
INFO:root:	Batch 339540, loss 5.751, perplexity 314.60
INFO:root:	Batch 340250, loss 5.596, perplexity 269.30
INFO:root:	Batch 340972, loss 5.929, perplexity 375.87
INFO:root:	Batch 341685, loss 5.143, perplexity 171.19
INFO:root:	Batch 342420, loss 5.520, perplexity 249.57
INFO:root:	Batch 343148, loss 5.526, perplexity 251.06
INFO:root:	Batch 343883, loss 5.680, perplexity 292.93
DEBUG:root:Validation perplexity: 246.5
DEBUG:root:Test perplexity: 716.7
DEBUG:root:END EPOCH now = 2019-12-19 12:59:59.414053
DEBUG:root:START EPOCH now = 2019-12-19 12:59:59.414300
DEBUG:root:Training epoch 6
INFO:root:	Batch 0, loss 5.587, perplexity 266.97
INFO:root:	Batch 643, loss 5.603, perplexity 271.14
INFO:root:	Batch 1372, loss 5.903, perplexity 365.97
INFO:root:	Batch 2104, loss 5.579, perplexity 264.74
INFO:root:	Batch 2826, loss 5.239, perplexity 188.46
INFO:root:	Batch 3563, loss 5.423, perplexity 226.47
INFO:root:	Batch 4303, loss 6.137, perplexity 462.88
INFO:root:	Batch 5023, loss 5.215, perplexity 183.98
INFO:root:	Batch 5754, loss 5.796, perplexity 328.82
INFO:root:	Batch 6489, loss 5.682, perplexity 293.47
INFO:root:	Batch 7216, loss 5.653, perplexity 285.16
INFO:root:	Batch 7935, loss 5.226, perplexity 186.04
INFO:root:	Batch 8667, loss 5.594, perplexity 268.76
INFO:root:	Batch 9397, loss 5.544, perplexity 255.65
INFO:root:	Batch 10141, loss 5.378, perplexity 216.63
INFO:root:	Batch 10871, loss 5.608, perplexity 272.46
INFO:root:	Batch 11609, loss 5.767, perplexity 319.53
INFO:root:	Batch 12323, loss 5.479, perplexity 239.50
INFO:root:	Batch 13068, loss 5.482, perplexity 240.44
INFO:root:	Batch 13774, loss 5.808, perplexity 333.04
INFO:root:	Batch 14493, loss 5.814, perplexity 335.04
INFO:root:	Batch 15230, loss 5.388, perplexity 218.84
INFO:root:	Batch 15958, loss 5.307, perplexity 201.75
INFO:root:	Batch 16691, loss 5.473, perplexity 238.13
INFO:root:	Batch 17421, loss 5.854, perplexity 348.61
INFO:root:	Batch 18149, loss 5.367, perplexity 214.12
INFO:root:	Batch 18863, loss 5.325, perplexity 205.50
INFO:root:	Batch 19583, loss 5.998, perplexity 402.65
INFO:root:	Batch 20322, loss 5.836, perplexity 342.30
INFO:root:	Batch 21035, loss 5.507, perplexity 246.30
INFO:root:	Batch 21775, loss 5.986, perplexity 397.76
INFO:root:	Batch 22502, loss 5.708, perplexity 301.27
INFO:root:	Batch 23239, loss 5.674, perplexity 291.22
INFO:root:	Batch 23966, loss 5.622, perplexity 276.37
INFO:root:	Batch 24688, loss 5.656, perplexity 285.93
INFO:root:	Batch 25430, loss 5.467, perplexity 236.68
INFO:root:	Batch 26164, loss 5.692, perplexity 296.42
INFO:root:	Batch 26875, loss 5.497, perplexity 244.00
INFO:root:	Batch 27615, loss 5.617, perplexity 275.18
INFO:root:	Batch 28353, loss 5.926, perplexity 374.66
INFO:root:	Batch 29084, loss 5.679, perplexity 292.58
INFO:root:	Batch 29804, loss 5.997, perplexity 402.18
INFO:root:	Batch 30530, loss 5.730, perplexity 308.00
INFO:root:	Batch 31261, loss 5.839, perplexity 343.56
INFO:root:	Batch 32007, loss 5.703, perplexity 299.77
INFO:root:	Batch 32724, loss 5.266, perplexity 193.64
INFO:root:	Batch 33459, loss 5.252, perplexity 190.96
INFO:root:	Batch 34167, loss 5.555, perplexity 258.58
INFO:root:	Batch 34892, loss 5.674, perplexity 291.09
INFO:root:	Batch 35622, loss 5.450, perplexity 232.83
INFO:root:	Batch 36366, loss 5.710, perplexity 301.83
INFO:root:	Batch 37102, loss 5.589, perplexity 267.55
INFO:root:	Batch 37840, loss 5.603, perplexity 271.30
INFO:root:	Batch 38561, loss 5.882, perplexity 358.44
INFO:root:	Batch 39293, loss 5.566, perplexity 261.48
INFO:root:	Batch 40034, loss 5.811, perplexity 333.94
INFO:root:	Batch 40761, loss 5.049, perplexity 155.89
INFO:root:	Batch 41506, loss 5.793, perplexity 327.87
INFO:root:	Batch 42230, loss 5.475, perplexity 238.67
INFO:root:	Batch 42950, loss 5.331, perplexity 206.71
INFO:root:	Batch 43676, loss 5.627, perplexity 277.74
INFO:root:	Batch 44389, loss 5.504, perplexity 245.69
INFO:root:	Batch 45143, loss 5.834, perplexity 341.56
INFO:root:	Batch 45868, loss 5.637, perplexity 280.76
INFO:root:	Batch 46606, loss 5.708, perplexity 301.17
INFO:root:	Batch 47347, loss 5.677, perplexity 292.11
INFO:root:	Batch 48079, loss 5.482, perplexity 240.35
INFO:root:	Batch 48818, loss 5.325, perplexity 205.50
INFO:root:	Batch 49542, loss 5.287, perplexity 197.75
INFO:root:	Batch 50263, loss 5.738, perplexity 310.55
INFO:root:	Batch 50994, loss 5.495, perplexity 243.39
INFO:root:	Batch 51724, loss 6.172, perplexity 479.02
INFO:root:	Batch 52459, loss 5.610, perplexity 273.20
INFO:root:	Batch 53203, loss 5.396, perplexity 220.45
INFO:root:	Batch 53927, loss 5.288, perplexity 197.92
INFO:root:	Batch 54639, loss 5.252, perplexity 190.91
INFO:root:	Batch 55375, loss 5.761, perplexity 317.82
INFO:root:	Batch 56096, loss 5.456, perplexity 234.04
INFO:root:	Batch 56817, loss 5.544, perplexity 255.67
INFO:root:	Batch 57545, loss 5.600, perplexity 270.31
INFO:root:	Batch 58275, loss 5.605, perplexity 271.73
INFO:root:	Batch 59017, loss 5.099, perplexity 163.91
INFO:root:	Batch 59755, loss 5.612, perplexity 273.60
INFO:root:	Batch 60503, loss 5.294, perplexity 199.21
INFO:root:	Batch 61227, loss 5.275, perplexity 195.45
INFO:root:	Batch 61969, loss 5.896, perplexity 363.47
INFO:root:	Batch 62692, loss 5.712, perplexity 302.60
INFO:root:	Batch 63424, loss 5.595, perplexity 269.11
INFO:root:	Batch 64147, loss 5.401, perplexity 221.71
INFO:root:	Batch 64869, loss 5.597, perplexity 269.57
INFO:root:	Batch 65607, loss 5.153, perplexity 172.93
INFO:root:	Batch 66329, loss 5.251, perplexity 190.70
INFO:root:	Batch 67043, loss 5.654, perplexity 285.44
INFO:root:	Batch 67765, loss 5.712, perplexity 302.47
INFO:root:	Batch 68505, loss 5.341, perplexity 208.67
INFO:root:	Batch 69226, loss 5.233, perplexity 187.38
INFO:root:	Batch 69968, loss 5.369, perplexity 214.61
INFO:root:	Batch 70692, loss 5.388, perplexity 218.76
INFO:root:	Batch 71426, loss 5.739, perplexity 310.68
INFO:root:	Batch 72165, loss 5.586, perplexity 266.61
INFO:root:	Batch 72890, loss 5.691, perplexity 296.18
INFO:root:	Batch 73623, loss 5.894, perplexity 362.72
INFO:root:	Batch 74363, loss 5.504, perplexity 245.58
INFO:root:	Batch 75095, loss 5.518, perplexity 249.04
INFO:root:	Batch 75817, loss 5.571, perplexity 262.67
INFO:root:	Batch 76553, loss 5.429, perplexity 227.92
INFO:root:	Batch 77280, loss 5.972, perplexity 392.41
INFO:root:	Batch 78001, loss 5.731, perplexity 308.27
INFO:root:	Batch 78717, loss 5.545, perplexity 255.86
INFO:root:	Batch 79447, loss 5.323, perplexity 205.07
INFO:root:	Batch 80187, loss 5.627, perplexity 277.92
INFO:root:	Batch 80925, loss 5.576, perplexity 264.00
INFO:root:	Batch 81634, loss 5.070, perplexity 159.22
INFO:root:	Batch 82354, loss 5.476, perplexity 238.80
INFO:root:	Batch 83094, loss 5.505, perplexity 245.86
INFO:root:	Batch 83817, loss 5.380, perplexity 217.10
INFO:root:	Batch 84552, loss 5.371, perplexity 215.10
INFO:root:	Batch 85290, loss 5.847, perplexity 346.30
INFO:root:	Batch 86013, loss 5.681, perplexity 293.21
INFO:root:	Batch 86736, loss 5.604, perplexity 271.60
INFO:root:	Batch 87473, loss 5.527, perplexity 251.48
INFO:root:	Batch 88199, loss 5.363, perplexity 213.45
INFO:root:	Batch 88950, loss 5.677, perplexity 292.13
INFO:root:	Batch 89698, loss 5.432, perplexity 228.58
INFO:root:	Batch 90429, loss 5.070, perplexity 159.20
INFO:root:	Batch 91152, loss 5.578, perplexity 264.60
INFO:root:	Batch 91901, loss 5.501, perplexity 244.90
INFO:root:	Batch 92634, loss 5.182, perplexity 178.12
INFO:root:	Batch 93373, loss 5.911, perplexity 368.89
INFO:root:	Batch 94114, loss 5.726, perplexity 306.74
INFO:root:	Batch 94843, loss 5.778, perplexity 323.15
INFO:root:	Batch 95563, loss 5.904, perplexity 366.47
INFO:root:	Batch 96294, loss 5.526, perplexity 251.07
INFO:root:	Batch 97042, loss 5.945, perplexity 381.75
INFO:root:	Batch 97774, loss 5.837, perplexity 342.71
INFO:root:	Batch 98507, loss 5.346, perplexity 209.85
INFO:root:	Batch 99239, loss 5.983, perplexity 396.56
INFO:root:	Batch 99974, loss 5.411, perplexity 223.93
INFO:root:	Batch 100690, loss 5.756, perplexity 316.18
INFO:root:	Batch 101413, loss 5.715, perplexity 303.38
INFO:root:	Batch 102157, loss 5.164, perplexity 174.86
INFO:root:	Batch 102884, loss 5.151, perplexity 172.59
INFO:root:	Batch 103601, loss 5.925, perplexity 374.25
INFO:root:	Batch 104347, loss 5.450, perplexity 232.82
INFO:root:	Batch 105073, loss 5.196, perplexity 180.51
INFO:root:	Batch 105817, loss 5.566, perplexity 261.26
INFO:root:	Batch 106068, loss 5.507, perplexity 246.42
INFO:root:	Batch 106809, loss 5.159, perplexity 174.04
INFO:root:	Batch 107552, loss 5.535, perplexity 253.35
INFO:root:	Batch 108290, loss 5.709, perplexity 301.66
INFO:root:	Batch 109032, loss 5.622, perplexity 276.34
INFO:root:	Batch 109768, loss 5.324, perplexity 205.11
INFO:root:	Batch 110483, loss 5.516, perplexity 248.65
INFO:root:	Batch 111216, loss 4.828, perplexity 124.96
INFO:root:	Batch 111930, loss 5.206, perplexity 182.31
INFO:root:	Batch 112657, loss 5.630, perplexity 278.74
INFO:root:	Batch 113359, loss 5.622, perplexity 276.52
INFO:root:	Batch 114101, loss 5.746, perplexity 312.88
INFO:root:	Batch 114844, loss 5.411, perplexity 223.84
INFO:root:	Batch 115560, loss 5.490, perplexity 242.24
INFO:root:	Batch 116301, loss 5.340, perplexity 208.61
INFO:root:	Batch 117024, loss 5.558, perplexity 259.20
INFO:root:	Batch 117756, loss 5.179, perplexity 177.45
INFO:root:	Batch 118463, loss 5.478, perplexity 239.42
INFO:root:	Batch 119200, loss 5.258, perplexity 192.05
INFO:root:	Batch 119933, loss 5.539, perplexity 254.33
INFO:root:	Batch 120661, loss 5.359, perplexity 212.54
INFO:root:	Batch 121393, loss 5.633, perplexity 279.54
INFO:root:	Batch 122108, loss 5.449, perplexity 232.63
INFO:root:	Batch 122834, loss 5.757, perplexity 316.25
INFO:root:	Batch 123563, loss 5.716, perplexity 303.57
INFO:root:	Batch 124287, loss 5.552, perplexity 257.70
INFO:root:	Batch 125047, loss 5.348, perplexity 210.25
INFO:root:	Batch 125766, loss 5.322, perplexity 204.72
INFO:root:	Batch 126503, loss 5.353, perplexity 211.21
INFO:root:	Batch 127223, loss 5.752, perplexity 314.92
INFO:root:	Batch 127946, loss 5.150, perplexity 172.45
INFO:root:	Batch 128670, loss 5.454, perplexity 233.63
INFO:root:	Batch 129412, loss 5.791, perplexity 327.40
INFO:root:	Batch 130129, loss 5.232, perplexity 187.16
INFO:root:	Batch 130875, loss 5.971, perplexity 392.07
INFO:root:	Batch 131614, loss 5.750, perplexity 314.05
INFO:root:	Batch 132329, loss 5.561, perplexity 260.08
INFO:root:	Batch 133077, loss 5.519, perplexity 249.34
INFO:root:	Batch 133824, loss 5.698, perplexity 298.23
INFO:root:	Batch 134564, loss 5.155, perplexity 173.25
INFO:root:	Batch 135284, loss 5.366, perplexity 213.94
INFO:root:	Batch 136026, loss 5.804, perplexity 331.48
INFO:root:	Batch 136764, loss 5.345, perplexity 209.51
INFO:root:	Batch 137497, loss 5.553, perplexity 258.01
INFO:root:	Batch 138232, loss 5.530, perplexity 252.09
INFO:root:	Batch 138969, loss 5.292, perplexity 198.65
INFO:root:	Batch 139680, loss 5.267, perplexity 193.77
INFO:root:	Batch 140410, loss 5.308, perplexity 201.89
INFO:root:	Batch 141138, loss 5.380, perplexity 217.06
INFO:root:	Batch 141874, loss 5.818, perplexity 336.20
INFO:root:	Batch 142612, loss 5.438, perplexity 230.06
INFO:root:	Batch 143356, loss 5.460, perplexity 235.17
INFO:root:	Batch 144070, loss 5.178, perplexity 177.35
INFO:root:	Batch 144791, loss 5.384, perplexity 217.94
INFO:root:	Batch 145539, loss 6.295, perplexity 541.72
INFO:root:	Batch 146263, loss 5.307, perplexity 201.74
INFO:root:	Batch 147015, loss 5.511, perplexity 247.42
INFO:root:	Batch 147737, loss 5.282, perplexity 196.85
INFO:root:	Batch 148472, loss 5.263, perplexity 193.05
INFO:root:	Batch 149223, loss 5.054, perplexity 156.66
INFO:root:	Batch 149955, loss 5.330, perplexity 206.35
INFO:root:	Batch 150714, loss 5.457, perplexity 234.45
INFO:root:	Batch 151446, loss 5.520, perplexity 249.60
INFO:root:	Batch 152194, loss 5.767, perplexity 319.72
INFO:root:	Batch 152923, loss 5.630, perplexity 278.54
INFO:root:	Batch 153649, loss 5.955, perplexity 385.82
INFO:root:	Batch 154367, loss 5.606, perplexity 272.08
INFO:root:	Batch 155101, loss 5.416, perplexity 225.00
INFO:root:	Batch 155858, loss 5.337, perplexity 207.93
INFO:root:	Batch 156584, loss 5.372, perplexity 215.25
INFO:root:	Batch 157331, loss 5.604, perplexity 271.42
INFO:root:	Batch 158046, loss 5.711, perplexity 302.31
INFO:root:	Batch 158776, loss 5.491, perplexity 242.59
INFO:root:	Batch 159511, loss 5.303, perplexity 200.86
INFO:root:	Batch 160246, loss 5.419, perplexity 225.71
INFO:root:	Batch 160972, loss 5.178, perplexity 177.32
INFO:root:	Batch 161729, loss 5.646, perplexity 283.21
INFO:root:	Batch 162443, loss 5.683, perplexity 293.95
INFO:root:	Batch 163162, loss 5.823, perplexity 338.11
INFO:root:	Batch 163869, loss 5.487, perplexity 241.47
INFO:root:	Batch 164592, loss 6.044, perplexity 421.37
INFO:root:	Batch 165313, loss 5.716, perplexity 303.68
INFO:root:	Batch 166048, loss 5.437, perplexity 229.77
INFO:root:	Batch 166744, loss 5.388, perplexity 218.86
INFO:root:	Batch 167466, loss 5.401, perplexity 221.70
INFO:root:	Batch 168196, loss 5.624, perplexity 277.10
INFO:root:	Batch 168917, loss 5.352, perplexity 210.94
INFO:root:	Batch 169660, loss 5.676, perplexity 291.88
INFO:root:	Batch 170377, loss 5.287, perplexity 197.67
INFO:root:	Batch 171110, loss 5.449, perplexity 232.47
INFO:root:	Batch 171817, loss 5.469, perplexity 237.28
INFO:root:	Batch 172534, loss 5.764, perplexity 318.65
INFO:root:	Batch 173272, loss 5.947, perplexity 382.58
INFO:root:	Batch 174001, loss 5.605, perplexity 271.77
INFO:root:	Batch 174725, loss 5.646, perplexity 283.27
INFO:root:	Batch 175456, loss 5.651, perplexity 284.57
INFO:root:	Batch 176190, loss 5.487, perplexity 241.57
INFO:root:	Batch 176905, loss 5.418, perplexity 225.54
INFO:root:	Batch 177620, loss 5.231, perplexity 187.02
INFO:root:	Batch 178352, loss 5.641, perplexity 281.64
INFO:root:	Batch 179094, loss 5.369, perplexity 214.64
INFO:root:	Batch 179823, loss 5.577, perplexity 264.25
INFO:root:	Batch 180544, loss 5.727, perplexity 307.02
INFO:root:	Batch 181290, loss 5.491, perplexity 242.39
INFO:root:	Batch 182030, loss 5.125, perplexity 168.22
INFO:root:	Batch 182766, loss 5.562, perplexity 260.33
INFO:root:	Batch 183510, loss 5.669, perplexity 289.66
INFO:root:	Batch 184241, loss 5.447, perplexity 232.13
INFO:root:	Batch 184974, loss 5.264, perplexity 193.30
INFO:root:	Batch 185712, loss 5.478, perplexity 239.29
INFO:root:	Batch 186434, loss 5.455, perplexity 234.00
INFO:root:	Batch 187175, loss 5.152, perplexity 172.71
INFO:root:	Batch 187900, loss 5.616, perplexity 274.88
INFO:root:	Batch 188625, loss 5.750, perplexity 314.24
INFO:root:	Batch 189381, loss 5.200, perplexity 181.21
INFO:root:	Batch 190104, loss 5.562, perplexity 260.29
INFO:root:	Batch 190822, loss 5.716, perplexity 303.68
INFO:root:	Batch 191582, loss 5.481, perplexity 240.03
INFO:root:	Batch 192350, loss 5.581, perplexity 265.41
INFO:root:	Batch 193119, loss 5.423, perplexity 226.48
INFO:root:	Batch 193878, loss 5.686, perplexity 294.59
INFO:root:	Batch 194624, loss 5.629, perplexity 278.33
INFO:root:	Batch 195367, loss 5.488, perplexity 241.83
INFO:root:	Batch 196085, loss 5.226, perplexity 186.13
INFO:root:	Batch 196810, loss 5.546, perplexity 256.13
INFO:root:	Batch 197541, loss 5.978, perplexity 394.66
INFO:root:	Batch 198274, loss 5.346, perplexity 209.81
INFO:root:	Batch 199015, loss 5.663, perplexity 287.99
INFO:root:	Batch 199721, loss 5.509, perplexity 246.89
INFO:root:	Batch 200451, loss 5.580, perplexity 265.15
INFO:root:	Batch 201184, loss 5.754, perplexity 315.44
INFO:root:	Batch 201888, loss 5.523, perplexity 250.26
INFO:root:	Batch 202632, loss 5.302, perplexity 200.78
INFO:root:	Batch 203357, loss 5.651, perplexity 284.59
INFO:root:	Batch 204107, loss 5.395, perplexity 220.25
INFO:root:	Batch 204814, loss 5.024, perplexity 151.99
INFO:root:	Batch 205529, loss 5.308, perplexity 201.94
INFO:root:	Batch 206250, loss 5.614, perplexity 274.19
INFO:root:	Batch 206984, loss 5.839, perplexity 343.28
INFO:root:	Batch 207716, loss 5.709, perplexity 301.66
INFO:root:	Batch 208449, loss 5.567, perplexity 261.73
INFO:root:	Batch 209187, loss 5.670, perplexity 290.07
INFO:root:	Batch 209894, loss 5.720, perplexity 304.76
INFO:root:	Batch 210622, loss 5.432, perplexity 228.56
INFO:root:	Batch 211354, loss 5.515, perplexity 248.41
INFO:root:	Batch 212083, loss 5.617, perplexity 275.18
INFO:root:	Batch 212805, loss 5.392, perplexity 219.56
INFO:root:	Batch 213541, loss 5.261, perplexity 192.74
INFO:root:	Batch 214276, loss 5.285, perplexity 197.36
INFO:root:	Batch 215018, loss 5.503, perplexity 245.46
INFO:root:	Batch 215750, loss 6.095, perplexity 443.55
INFO:root:	Batch 216490, loss 5.526, perplexity 251.15
INFO:root:	Batch 217227, loss 5.558, perplexity 259.29
INFO:root:	Batch 217952, loss 5.533, perplexity 252.82
INFO:root:	Batch 218700, loss 5.383, perplexity 217.69
INFO:root:	Batch 219419, loss 5.240, perplexity 188.72
INFO:root:	Batch 220160, loss 5.532, perplexity 252.75
INFO:root:	Batch 220881, loss 5.541, perplexity 254.99
INFO:root:	Batch 221626, loss 5.533, perplexity 252.91
INFO:root:	Batch 222343, loss 5.337, perplexity 207.84
INFO:root:	Batch 223087, loss 5.531, perplexity 252.41
INFO:root:	Batch 223806, loss 5.416, perplexity 224.99
INFO:root:	Batch 224539, loss 5.629, perplexity 278.44
INFO:root:	Batch 225272, loss 5.382, perplexity 217.55
INFO:root:	Batch 226001, loss 5.637, perplexity 280.60
INFO:root:	Batch 226751, loss 5.165, perplexity 175.09
INFO:root:	Batch 227488, loss 5.539, perplexity 254.48
INFO:root:	Batch 228208, loss 5.237, perplexity 188.12
INFO:root:	Batch 228956, loss 5.668, perplexity 289.44
INFO:root:	Batch 229672, loss 5.752, perplexity 314.86
INFO:root:	Batch 230404, loss 5.966, perplexity 389.93
INFO:root:	Batch 231140, loss 5.423, perplexity 226.48
INFO:root:	Batch 231873, loss 5.529, perplexity 251.96
INFO:root:	Batch 232625, loss 5.167, perplexity 175.31
INFO:root:	Batch 233361, loss 5.575, perplexity 263.70
INFO:root:	Batch 234089, loss 5.468, perplexity 236.92
INFO:root:	Batch 234813, loss 5.295, perplexity 199.35
INFO:root:	Batch 235535, loss 5.452, perplexity 233.20
INFO:root:	Batch 236240, loss 5.311, perplexity 202.59
INFO:root:	Batch 236965, loss 5.530, perplexity 252.25
INFO:root:	Batch 237693, loss 5.458, perplexity 234.66
INFO:root:	Batch 238417, loss 5.378, perplexity 216.59
INFO:root:	Batch 239158, loss 5.423, perplexity 226.67
INFO:root:	Batch 239873, loss 5.711, perplexity 302.15
INFO:root:	Batch 240602, loss 5.642, perplexity 281.90
INFO:root:	Batch 241338, loss 5.732, perplexity 308.43
INFO:root:	Batch 242069, loss 5.606, perplexity 272.12
INFO:root:	Batch 242782, loss 5.343, perplexity 209.22
INFO:root:	Batch 243518, loss 5.409, perplexity 223.52
INFO:root:	Batch 244235, loss 5.507, perplexity 246.31
INFO:root:	Batch 244950, loss 5.060, perplexity 157.56
INFO:root:	Batch 245692, loss 5.241, perplexity 188.84
INFO:root:	Batch 246408, loss 5.791, perplexity 327.39
INFO:root:	Batch 247169, loss 5.890, perplexity 361.26
INFO:root:	Batch 247897, loss 5.973, perplexity 392.65
INFO:root:	Batch 248640, loss 5.689, perplexity 295.68
INFO:root:	Batch 249370, loss 5.691, perplexity 296.28
INFO:root:	Batch 250088, loss 5.563, perplexity 260.56
INFO:root:	Batch 250827, loss 5.603, perplexity 271.11
INFO:root:	Batch 251551, loss 5.935, perplexity 378.14
INFO:root:	Batch 252274, loss 5.267, perplexity 193.77
INFO:root:	Batch 252992, loss 5.258, perplexity 192.07
INFO:root:	Batch 253719, loss 5.582, perplexity 265.73
INFO:root:	Batch 254448, loss 5.527, perplexity 251.44
INFO:root:	Batch 255159, loss 5.887, perplexity 360.39
INFO:root:	Batch 255901, loss 5.500, perplexity 244.57
INFO:root:	Batch 256631, loss 5.462, perplexity 235.45
INFO:root:	Batch 257342, loss 5.616, perplexity 274.73
INFO:root:	Batch 258065, loss 5.205, perplexity 182.11
INFO:root:	Batch 258781, loss 5.645, perplexity 282.98
INFO:root:	Batch 259515, loss 5.208, perplexity 182.76
INFO:root:	Batch 260219, loss 5.313, perplexity 202.98
INFO:root:	Batch 260939, loss 5.601, perplexity 270.58
INFO:root:	Batch 261680, loss 5.747, perplexity 313.39
INFO:root:	Batch 262405, loss 5.579, perplexity 264.84
INFO:root:	Batch 263124, loss 5.476, perplexity 238.88
INFO:root:	Batch 263863, loss 5.438, perplexity 229.98
INFO:root:	Batch 264596, loss 5.409, perplexity 223.49
INFO:root:	Batch 265332, loss 5.733, perplexity 308.95
INFO:root:	Batch 266063, loss 5.218, perplexity 184.51
INFO:root:	Batch 266798, loss 5.668, perplexity 289.36
INFO:root:	Batch 267523, loss 5.569, perplexity 262.30
INFO:root:	Batch 268265, loss 6.120, perplexity 455.02
INFO:root:	Batch 268999, loss 5.254, perplexity 191.26
INFO:root:	Batch 269735, loss 5.594, perplexity 268.93
INFO:root:	Batch 270468, loss 5.212, perplexity 183.48
INFO:root:	Batch 271196, loss 5.682, perplexity 293.63
INFO:root:	Batch 271932, loss 5.997, perplexity 402.09
INFO:root:	Batch 272673, loss 5.961, perplexity 387.97
INFO:root:	Batch 273396, loss 5.906, perplexity 367.14
INFO:root:	Batch 274118, loss 5.032, perplexity 153.27
INFO:root:	Batch 274879, loss 5.279, perplexity 196.25
INFO:root:	Batch 275609, loss 5.399, perplexity 221.19
INFO:root:	Batch 276329, loss 5.684, perplexity 294.21
INFO:root:	Batch 277069, loss 5.381, perplexity 217.35
INFO:root:	Batch 277772, loss 5.632, perplexity 279.29
INFO:root:	Batch 278489, loss 4.924, perplexity 137.49
INFO:root:	Batch 279214, loss 5.601, perplexity 270.58
INFO:root:	Batch 279934, loss 5.285, perplexity 197.27
INFO:root:	Batch 280666, loss 5.977, perplexity 394.15
INFO:root:	Batch 281408, loss 5.758, perplexity 316.73
INFO:root:	Batch 282125, loss 5.436, perplexity 229.61
INFO:root:	Batch 282850, loss 5.830, perplexity 340.44
INFO:root:	Batch 283583, loss 5.246, perplexity 189.75
INFO:root:	Batch 284315, loss 5.525, perplexity 250.78
INFO:root:	Batch 285052, loss 5.036, perplexity 153.83
INFO:root:	Batch 285764, loss 5.442, perplexity 230.87
INFO:root:	Batch 286491, loss 5.899, perplexity 364.57
INFO:root:	Batch 287217, loss 5.368, perplexity 214.43
INFO:root:	Batch 287949, loss 5.376, perplexity 216.14
INFO:root:	Batch 288677, loss 5.620, perplexity 275.87
INFO:root:	Batch 289426, loss 5.201, perplexity 181.41
INFO:root:	Batch 290152, loss 5.501, perplexity 245.00
INFO:root:	Batch 290864, loss 5.722, perplexity 305.39
INFO:root:	Batch 291591, loss 5.630, perplexity 278.73
INFO:root:	Batch 292313, loss 5.225, perplexity 185.81
INFO:root:	Batch 293041, loss 5.876, perplexity 356.46
INFO:root:	Batch 293781, loss 5.423, perplexity 226.57
INFO:root:	Batch 294515, loss 5.348, perplexity 210.09
INFO:root:	Batch 295253, loss 5.151, perplexity 172.64
INFO:root:	Batch 295975, loss 5.826, perplexity 339.01
INFO:root:	Batch 296699, loss 5.704, perplexity 300.18
INFO:root:	Batch 297427, loss 5.579, perplexity 264.92
INFO:root:	Batch 298143, loss 5.479, perplexity 239.51
INFO:root:	Batch 298865, loss 5.669, perplexity 289.61
INFO:root:	Batch 299599, loss 5.605, perplexity 271.66
INFO:root:	Batch 300333, loss 5.507, perplexity 246.46
INFO:root:	Batch 301048, loss 5.659, perplexity 286.75
INFO:root:	Batch 301774, loss 5.268, perplexity 194.09
INFO:root:	Batch 302512, loss 5.382, perplexity 217.45
INFO:root:	Batch 303233, loss 5.588, perplexity 267.23
INFO:root:	Batch 303967, loss 5.753, perplexity 315.18
INFO:root:	Batch 304692, loss 5.746, perplexity 312.78
INFO:root:	Batch 305437, loss 6.261, perplexity 523.78
INFO:root:	Batch 306169, loss 5.763, perplexity 318.19
INFO:root:	Batch 306906, loss 5.561, perplexity 260.01
INFO:root:	Batch 307626, loss 5.456, perplexity 234.05
INFO:root:	Batch 308354, loss 5.415, perplexity 224.86
INFO:root:	Batch 309071, loss 5.203, perplexity 181.74
INFO:root:	Batch 309784, loss 5.199, perplexity 181.11
INFO:root:	Batch 310498, loss 5.536, perplexity 253.67
INFO:root:	Batch 311227, loss 6.096, perplexity 444.02
INFO:root:	Batch 311959, loss 5.552, perplexity 257.85
INFO:root:	Batch 312678, loss 5.184, perplexity 178.37
INFO:root:	Batch 313406, loss 5.521, perplexity 249.88
INFO:root:	Batch 314138, loss 5.748, perplexity 313.46
INFO:root:	Batch 314880, loss 5.325, perplexity 205.37
INFO:root:	Batch 315619, loss 5.957, perplexity 386.34
INFO:root:	Batch 316351, loss 5.731, perplexity 308.34
INFO:root:	Batch 317088, loss 5.429, perplexity 227.85
INFO:root:	Batch 317815, loss 5.505, perplexity 246.02
INFO:root:	Batch 318563, loss 5.616, perplexity 274.68
INFO:root:	Batch 319272, loss 5.464, perplexity 236.08
INFO:root:	Batch 320006, loss 5.804, perplexity 331.47
INFO:root:	Batch 320725, loss 5.653, perplexity 285.08
INFO:root:	Batch 321434, loss 5.261, perplexity 192.65
INFO:root:	Batch 322154, loss 5.696, perplexity 297.82
INFO:root:	Batch 322881, loss 5.463, perplexity 235.86
INFO:root:	Batch 323602, loss 5.382, perplexity 217.49
INFO:root:	Batch 324329, loss 5.565, perplexity 261.17
INFO:root:	Batch 325066, loss 5.772, perplexity 321.17
INFO:root:	Batch 325783, loss 5.427, perplexity 227.40
INFO:root:	Batch 326496, loss 5.528, perplexity 251.70
INFO:root:	Batch 327231, loss 5.245, perplexity 189.70
INFO:root:	Batch 327978, loss 5.374, perplexity 215.72
INFO:root:	Batch 328715, loss 5.625, perplexity 277.38
INFO:root:	Batch 329443, loss 5.708, perplexity 301.27
INFO:root:	Batch 330165, loss 5.384, perplexity 217.92
INFO:root:	Batch 330892, loss 5.552, perplexity 257.82
INFO:root:	Batch 331615, loss 5.745, perplexity 312.65
INFO:root:	Batch 332350, loss 5.410, perplexity 223.56
INFO:root:	Batch 333073, loss 5.818, perplexity 336.45
INFO:root:	Batch 333802, loss 5.303, perplexity 200.85
INFO:root:	Batch 334551, loss 5.596, perplexity 269.29
INFO:root:	Batch 335285, loss 5.902, perplexity 365.78
INFO:root:	Batch 336012, loss 5.536, perplexity 253.61
INFO:root:	Batch 336742, loss 5.662, perplexity 287.81
INFO:root:	Batch 337470, loss 5.210, perplexity 183.05
INFO:root:	Batch 338202, loss 5.218, perplexity 184.59
INFO:root:	Batch 338937, loss 5.800, perplexity 330.36
INFO:root:	Batch 339655, loss 5.627, perplexity 277.84
INFO:root:	Batch 340392, loss 5.732, perplexity 308.62
INFO:root:	Batch 341122, loss 5.656, perplexity 286.09
INFO:root:	Batch 341841, loss 5.951, perplexity 384.18
INFO:root:	Batch 342583, loss 5.489, perplexity 242.01
INFO:root:	Batch 343317, loss 5.780, perplexity 323.65
DEBUG:root:Validation perplexity: 244.1
DEBUG:root:Test perplexity: 723.9
DEBUG:root:END EPOCH now = 2019-12-20 02:14:13.426528
DEBUG:root:Net:
RnnLm(
  (embedding): Embedding(300000, 300)
  (gru): GRU(300, 300, num_layers=2, dropout=0.2)
  (fc1): Linear(in_features=300, out_features=300000, bias=True)
)
DEBUG:root:Test perplexity after the loading: 723.9

