DEBUG:root:Current device 0 
DEBUG:root:Loading data ...
DEBUG:root:DONE loading data ...
DEBUG:root:Net:
RnnLm(
  (embedding): Embedding(300000, 300)
  (gru): GRU(300, 300)
  (fc1): Linear(in_features=300, out_features=300000, bias=True)
)
DEBUG:root:START EPOCH now = 2019-12-12 01:39:26.283369
DEBUG:root:Training epoch 0
INFO:root:	Batch 0, loss 12.635, perplexity 307194.36
INFO:root:	Batch 1125, loss 6.822, perplexity 918.15
INFO:root:	Batch 2397, loss 6.986, perplexity 1081.61
INFO:root:	Batch 3660, loss 6.590, perplexity 727.63
INFO:root:	Batch 4930, loss 6.998, perplexity 1093.97
INFO:root:	Batch 6205, loss 6.458, perplexity 637.99
INFO:root:	Batch 7479, loss 6.362, perplexity 579.56
INFO:root:	Batch 8748, loss 6.402, perplexity 602.92
INFO:root:	Batch 10016, loss 6.330, perplexity 561.06
INFO:root:	Batch 11285, loss 5.959, perplexity 387.30
INFO:root:	Batch 12552, loss 6.670, perplexity 788.29
INFO:root:	Batch 13819, loss 6.426, perplexity 617.90
INFO:root:	Batch 15087, loss 6.454, perplexity 635.28
INFO:root:	Batch 16359, loss 6.153, perplexity 470.07
INFO:root:	Batch 17629, loss 6.283, perplexity 535.31
INFO:root:	Batch 18895, loss 6.240, perplexity 512.63
INFO:root:	Batch 20160, loss 6.047, perplexity 422.93
INFO:root:	Batch 21428, loss 6.543, perplexity 694.50
INFO:root:	Batch 22695, loss 6.115, perplexity 452.40
INFO:root:	Batch 23961, loss 6.465, perplexity 642.33
INFO:root:	Batch 25230, loss 6.736, perplexity 842.25
INFO:root:	Batch 26498, loss 5.916, perplexity 371.07
INFO:root:	Batch 27767, loss 6.621, perplexity 750.93
INFO:root:	Batch 29038, loss 6.586, perplexity 724.70
INFO:root:	Batch 30305, loss 6.441, perplexity 626.90
INFO:root:	Batch 31573, loss 6.116, perplexity 452.82
INFO:root:	Batch 32840, loss 6.008, perplexity 406.82
INFO:root:	Batch 34109, loss 6.141, perplexity 464.67
INFO:root:	Batch 35378, loss 6.282, perplexity 534.64
INFO:root:	Batch 36647, loss 6.523, perplexity 680.43
INFO:root:	Batch 37917, loss 6.373, perplexity 586.00
INFO:root:	Batch 39189, loss 6.760, perplexity 862.95
INFO:root:	Batch 40455, loss 6.187, perplexity 486.31
INFO:root:	Batch 41724, loss 5.618, perplexity 275.44
INFO:root:	Batch 42994, loss 6.176, perplexity 481.11
INFO:root:	Batch 44264, loss 6.323, perplexity 557.11
INFO:root:	Batch 45535, loss 6.350, perplexity 572.62
INFO:root:	Batch 46802, loss 6.459, perplexity 638.16
INFO:root:	Batch 48067, loss 6.298, perplexity 543.56
INFO:root:	Batch 49335, loss 6.316, perplexity 553.34
INFO:root:	Batch 50601, loss 6.397, perplexity 600.10
INFO:root:	Batch 51871, loss 6.558, perplexity 705.11
INFO:root:	Batch 53140, loss 5.818, perplexity 336.30
INFO:root:	Batch 54411, loss 6.400, perplexity 602.08
INFO:root:	Batch 55680, loss 6.251, perplexity 518.70
INFO:root:	Batch 56947, loss 6.537, perplexity 690.21
INFO:root:	Batch 58217, loss 5.772, perplexity 321.10
INFO:root:	Batch 59485, loss 6.322, perplexity 556.96
INFO:root:	Batch 60755, loss 6.193, perplexity 489.52
INFO:root:	Batch 62021, loss 6.613, perplexity 744.88
INFO:root:	Batch 63287, loss 6.016, perplexity 410.02
INFO:root:	Batch 64558, loss 6.208, perplexity 496.58
INFO:root:	Batch 65826, loss 6.155, perplexity 471.27
INFO:root:	Batch 67095, loss 6.406, perplexity 605.63
INFO:root:	Batch 68365, loss 6.727, perplexity 834.88
INFO:root:	Batch 69633, loss 6.044, perplexity 421.67
INFO:root:	Batch 70898, loss 6.323, perplexity 557.43
INFO:root:	Batch 72164, loss 6.750, perplexity 854.25
INFO:root:	Batch 73429, loss 5.722, perplexity 305.42
INFO:root:	Batch 74697, loss 6.011, perplexity 408.02
INFO:root:	Batch 75968, loss 5.932, perplexity 376.74
INFO:root:	Batch 77238, loss 5.814, perplexity 334.96
INFO:root:	Batch 78506, loss 6.337, perplexity 565.02
INFO:root:	Batch 79774, loss 6.280, perplexity 533.97
INFO:root:	Batch 81044, loss 6.126, perplexity 457.81
INFO:root:	Batch 82313, loss 6.020, perplexity 411.62
INFO:root:	Batch 83581, loss 5.950, perplexity 383.82
INFO:root:	Batch 84848, loss 6.739, perplexity 844.96
INFO:root:	Batch 86118, loss 6.061, perplexity 428.93
INFO:root:	Batch 87386, loss 5.920, perplexity 372.54
INFO:root:	Batch 88656, loss 6.344, perplexity 568.79
INFO:root:	Batch 89928, loss 5.833, perplexity 341.39
INFO:root:	Batch 91197, loss 6.183, perplexity 484.63
INFO:root:	Batch 92468, loss 6.099, perplexity 445.47
INFO:root:	Batch 93735, loss 6.010, perplexity 407.59
INFO:root:	Batch 95002, loss 6.486, perplexity 656.04
INFO:root:	Batch 96269, loss 6.634, perplexity 760.84
INFO:root:	Batch 97537, loss 6.277, perplexity 532.39
INFO:root:	Batch 98801, loss 5.755, perplexity 315.77
INFO:root:	Batch 100068, loss 5.989, perplexity 399.16
INFO:root:	Batch 101334, loss 6.112, perplexity 451.04
INFO:root:	Batch 102601, loss 6.428, perplexity 618.77
INFO:root:	Batch 103868, loss 6.284, perplexity 535.92
INFO:root:	Batch 105140, loss 5.850, perplexity 347.14
INFO:root:	Batch 106405, loss 5.712, perplexity 302.60
INFO:root:	Batch 107672, loss 5.988, perplexity 398.71
INFO:root:	Batch 108942, loss 6.327, perplexity 559.64
INFO:root:	Batch 110210, loss 5.655, perplexity 285.81
INFO:root:	Batch 111478, loss 6.080, perplexity 437.16
INFO:root:	Batch 112744, loss 6.039, perplexity 419.33
INFO:root:	Batch 114015, loss 6.060, perplexity 428.24
INFO:root:	Batch 115280, loss 6.264, perplexity 525.30
INFO:root:	Batch 116544, loss 5.858, perplexity 349.91
INFO:root:	Batch 117816, loss 5.809, perplexity 333.41
INFO:root:	Batch 119082, loss 5.513, perplexity 248.01
INFO:root:	Batch 120352, loss 5.676, perplexity 291.80
INFO:root:	Batch 121617, loss 6.026, perplexity 413.86
INFO:root:	Batch 122887, loss 6.030, perplexity 415.55
INFO:root:	Batch 124158, loss 5.885, perplexity 359.51
INFO:root:	Batch 125428, loss 6.089, perplexity 440.96
INFO:root:	Batch 126694, loss 6.654, perplexity 776.20
INFO:root:	Batch 127962, loss 6.159, perplexity 472.87
INFO:root:	Batch 129228, loss 5.619, perplexity 275.72
INFO:root:	Batch 130494, loss 5.955, perplexity 385.72
INFO:root:	Batch 131756, loss 5.989, perplexity 398.93
INFO:root:	Batch 133022, loss 5.912, perplexity 369.43
INFO:root:	Batch 134289, loss 6.502, perplexity 666.63
INFO:root:	Batch 135555, loss 5.822, perplexity 337.64
INFO:root:	Batch 136825, loss 6.252, perplexity 518.89
INFO:root:	Batch 138093, loss 5.822, perplexity 337.62
INFO:root:	Batch 139365, loss 6.062, perplexity 429.12
INFO:root:	Batch 140636, loss 5.962, perplexity 388.21
INFO:root:	Batch 141908, loss 6.030, perplexity 415.75
INFO:root:	Batch 143180, loss 6.100, perplexity 445.74
INFO:root:	Batch 144444, loss 6.019, perplexity 411.12
INFO:root:	Batch 145714, loss 6.171, perplexity 478.52
INFO:root:	Batch 146981, loss 6.555, perplexity 702.46
INFO:root:	Batch 148244, loss 6.342, perplexity 568.04
INFO:root:	Batch 149515, loss 6.287, perplexity 537.46
INFO:root:	Batch 150783, loss 5.997, perplexity 402.30
INFO:root:	Batch 152047, loss 6.113, perplexity 451.52
INFO:root:	Batch 153315, loss 6.219, perplexity 502.05
INFO:root:	Batch 154580, loss 6.219, perplexity 502.38
INFO:root:	Batch 155851, loss 5.982, perplexity 396.21
INFO:root:	Batch 157114, loss 6.422, perplexity 615.19
INFO:root:	Batch 158385, loss 5.749, perplexity 313.96
INFO:root:	Batch 159648, loss 6.280, perplexity 533.61
INFO:root:	Batch 160916, loss 6.266, perplexity 526.13
INFO:root:	Batch 162184, loss 5.887, perplexity 360.43
INFO:root:	Batch 163452, loss 6.487, perplexity 656.76
INFO:root:	Batch 164718, loss 5.882, perplexity 358.41
INFO:root:	Batch 165986, loss 5.830, perplexity 340.24
INFO:root:	Batch 167253, loss 6.385, perplexity 593.02
INFO:root:	Batch 168520, loss 6.024, perplexity 413.32
INFO:root:	Batch 169786, loss 5.527, perplexity 251.27
INFO:root:	Batch 171054, loss 6.275, perplexity 531.29
INFO:root:	Batch 172322, loss 5.949, perplexity 383.19
INFO:root:	Batch 173589, loss 6.388, perplexity 594.40
INFO:root:	Batch 174860, loss 5.747, perplexity 313.33
INFO:root:	Batch 176128, loss 6.249, perplexity 517.62
INFO:root:	Batch 177394, loss 5.757, perplexity 316.51
INFO:root:	Batch 178663, loss 5.848, perplexity 346.37
INFO:root:	Batch 179932, loss 5.766, perplexity 319.31
INFO:root:	Batch 181204, loss 5.856, perplexity 349.32
INFO:root:	Batch 182472, loss 5.739, perplexity 310.82
INFO:root:	Batch 183742, loss 5.742, perplexity 311.72
INFO:root:	Batch 185011, loss 6.039, perplexity 419.52
INFO:root:	Batch 186281, loss 6.029, perplexity 415.23
INFO:root:	Batch 187548, loss 6.141, perplexity 464.72
INFO:root:	Batch 188813, loss 6.478, perplexity 650.53
INFO:root:	Batch 190080, loss 5.682, perplexity 293.65
INFO:root:	Batch 191344, loss 6.300, perplexity 544.55
INFO:root:	Batch 192614, loss 5.815, perplexity 335.44
INFO:root:	Batch 193882, loss 6.209, perplexity 497.11
INFO:root:	Batch 195149, loss 6.369, perplexity 583.69
INFO:root:	Batch 196418, loss 6.347, perplexity 571.05
INFO:root:	Batch 197684, loss 6.050, perplexity 424.13
INFO:root:	Batch 198954, loss 6.201, perplexity 493.43
INFO:root:	Batch 200219, loss 5.969, perplexity 391.12
INFO:root:	Batch 201487, loss 6.060, perplexity 428.37
INFO:root:	Batch 202756, loss 6.059, perplexity 427.87
INFO:root:	Batch 204027, loss 6.040, perplexity 419.78
INFO:root:	Batch 205296, loss 5.948, perplexity 383.09
INFO:root:	Batch 206566, loss 6.093, perplexity 442.94
INFO:root:	Batch 207837, loss 6.130, perplexity 459.38
INFO:root:	Batch 209106, loss 5.833, perplexity 341.41
INFO:root:	Batch 210376, loss 6.364, perplexity 580.29
INFO:root:	Batch 211646, loss 6.089, perplexity 440.84
INFO:root:	Batch 212914, loss 5.569, perplexity 262.13
INFO:root:	Batch 214181, loss 6.323, perplexity 557.08
INFO:root:	Batch 215446, loss 6.010, perplexity 407.54
INFO:root:	Batch 216712, loss 6.391, perplexity 596.54
INFO:root:	Batch 217986, loss 5.992, perplexity 400.23
INFO:root:	Batch 219255, loss 6.227, perplexity 506.43
INFO:root:	Batch 220524, loss 6.342, perplexity 567.73
INFO:root:	Batch 221791, loss 6.220, perplexity 502.79
INFO:root:	Batch 223059, loss 6.051, perplexity 424.45
INFO:root:	Batch 224328, loss 5.991, perplexity 399.81
INFO:root:	Batch 225596, loss 6.125, perplexity 456.97
INFO:root:	Batch 226863, loss 5.689, perplexity 295.48
INFO:root:	Batch 228131, loss 5.963, perplexity 388.96
INFO:root:	Batch 229403, loss 5.970, perplexity 391.41
INFO:root:	Batch 230672, loss 5.762, perplexity 318.01
INFO:root:	Batch 231941, loss 5.929, perplexity 375.86
INFO:root:	Batch 233206, loss 6.109, perplexity 449.93
INFO:root:	Batch 234475, loss 5.924, perplexity 374.07
INFO:root:	Batch 235744, loss 6.451, perplexity 633.64
INFO:root:	Batch 237014, loss 6.182, perplexity 483.88
INFO:root:	Batch 238283, loss 6.065, perplexity 430.44
INFO:root:	Batch 239552, loss 6.502, perplexity 666.30
INFO:root:	Batch 240821, loss 5.765, perplexity 319.01
INFO:root:	Batch 242089, loss 5.877, perplexity 356.75
INFO:root:	Batch 243359, loss 6.351, perplexity 572.86
INFO:root:	Batch 244632, loss 5.646, perplexity 283.08
INFO:root:	Batch 245901, loss 6.262, perplexity 524.45
INFO:root:	Batch 247163, loss 5.927, perplexity 375.07
INFO:root:	Batch 248432, loss 6.161, perplexity 473.81
INFO:root:	Batch 249705, loss 6.544, perplexity 695.10
INFO:root:	Batch 250973, loss 6.232, perplexity 508.81
INFO:root:	Batch 252239, loss 6.528, perplexity 684.18
INFO:root:	Batch 253511, loss 6.273, perplexity 530.24
INFO:root:	Batch 254783, loss 6.020, perplexity 411.40
INFO:root:	Batch 256053, loss 6.091, perplexity 442.03
INFO:root:	Batch 257323, loss 5.607, perplexity 272.45
INFO:root:	Batch 258593, loss 6.374, perplexity 586.25
INFO:root:	Batch 259865, loss 5.650, perplexity 284.16
INFO:root:	Batch 261132, loss 5.966, perplexity 390.01
INFO:root:	Batch 262395, loss 5.973, perplexity 392.80
INFO:root:	Batch 263666, loss 5.790, perplexity 326.97
INFO:root:	Batch 264936, loss 6.010, perplexity 407.50
INFO:root:	Batch 266201, loss 6.103, perplexity 447.14
INFO:root:	Batch 267470, loss 5.835, perplexity 342.16
INFO:root:	Batch 268738, loss 6.106, perplexity 448.58
INFO:root:	Batch 270008, loss 6.885, perplexity 977.55
INFO:root:	Batch 271277, loss 6.057, perplexity 427.11
INFO:root:	Batch 272547, loss 5.751, perplexity 314.45
INFO:root:	Batch 273817, loss 5.845, perplexity 345.60
INFO:root:	Batch 275085, loss 5.929, perplexity 375.77
INFO:root:	Batch 276354, loss 5.936, perplexity 378.54
INFO:root:	Batch 277624, loss 5.867, perplexity 353.20
INFO:root:	Batch 278889, loss 6.071, perplexity 433.08
INFO:root:	Batch 280159, loss 6.170, perplexity 478.11
INFO:root:	Batch 281429, loss 6.392, perplexity 597.12
INFO:root:	Batch 282699, loss 6.097, perplexity 444.65
INFO:root:	Batch 283968, loss 5.857, perplexity 349.52
INFO:root:	Batch 285235, loss 5.691, perplexity 296.15
INFO:root:	Batch 286507, loss 6.417, perplexity 612.06
INFO:root:	Batch 287775, loss 6.121, perplexity 455.26
INFO:root:	Batch 289045, loss 5.675, perplexity 291.43
INFO:root:	Batch 290316, loss 6.388, perplexity 594.63
INFO:root:	Batch 291585, loss 5.838, perplexity 343.10
INFO:root:	Batch 292854, loss 6.188, perplexity 486.66
INFO:root:	Batch 294119, loss 6.188, perplexity 487.01
INFO:root:	Batch 295389, loss 5.738, perplexity 310.40
INFO:root:	Batch 296659, loss 6.089, perplexity 441.14
INFO:root:	Batch 297926, loss 5.347, perplexity 209.98
INFO:root:	Batch 299192, loss 6.329, perplexity 560.54
INFO:root:	Batch 300463, loss 5.983, perplexity 396.63
INFO:root:	Batch 301731, loss 5.967, perplexity 390.50
INFO:root:	Batch 303000, loss 6.545, perplexity 695.56
INFO:root:	Batch 304271, loss 6.383, perplexity 591.41
INFO:root:	Batch 305544, loss 5.822, perplexity 337.73
INFO:root:	Batch 306809, loss 6.073, perplexity 433.78
INFO:root:	Batch 308077, loss 5.927, perplexity 374.90
INFO:root:	Batch 309348, loss 5.731, perplexity 308.40
INFO:root:	Batch 310621, loss 6.715, perplexity 825.01
INFO:root:	Batch 311891, loss 5.844, perplexity 345.05
INFO:root:	Batch 313163, loss 5.785, perplexity 325.32
INFO:root:	Batch 314433, loss 6.118, perplexity 454.08
INFO:root:	Batch 315702, loss 5.903, perplexity 366.12
INFO:root:	Batch 316967, loss 6.256, perplexity 520.88
INFO:root:	Batch 318235, loss 5.386, perplexity 218.39
INFO:root:	Batch 319506, loss 5.964, perplexity 389.01
INFO:root:	Batch 320775, loss 5.784, perplexity 325.02
INFO:root:	Batch 322045, loss 5.802, perplexity 330.93
INFO:root:	Batch 323316, loss 6.296, perplexity 542.19
INFO:root:	Batch 324584, loss 5.876, perplexity 356.33
INFO:root:	Batch 325854, loss 6.082, perplexity 437.96
INFO:root:	Batch 327124, loss 6.208, perplexity 496.85
INFO:root:	Batch 328390, loss 5.934, perplexity 377.82
INFO:root:	Batch 329660, loss 5.508, perplexity 246.77
INFO:root:	Batch 330931, loss 5.839, perplexity 343.59
INFO:root:	Batch 332200, loss 6.000, perplexity 403.52
INFO:root:	Batch 333469, loss 5.843, perplexity 344.70
INFO:root:	Batch 334742, loss 5.824, perplexity 338.34
INFO:root:	Batch 336010, loss 5.658, perplexity 286.46
INFO:root:	Batch 337281, loss 5.846, perplexity 345.79
INFO:root:	Batch 338550, loss 5.541, perplexity 254.87
INFO:root:	Batch 339819, loss 5.890, perplexity 361.58
INFO:root:	Batch 341088, loss 6.122, perplexity 455.57
INFO:root:	Batch 342360, loss 6.101, perplexity 446.15
INFO:root:	Batch 343630, loss 6.006, perplexity 406.03
DEBUG:root:Validation perplexity: 375.8
DEBUG:root:Test perplexity: 1123.3
DEBUG:root:BEST result
DEBUG:root:END EPOCH now = 2019-12-12 09:18:06.801762
DEBUG:root:START EPOCH now = 2019-12-12 09:18:06.801925
DEBUG:root:Training epoch 1
INFO:root:	Batch 0, loss 6.028, perplexity 414.78
INFO:root:	Batch 1126, loss 5.926, perplexity 374.74
INFO:root:	Batch 2396, loss 5.813, perplexity 334.47
INFO:root:	Batch 3660, loss 6.083, perplexity 438.34
INFO:root:	Batch 4928, loss 5.668, perplexity 289.49
INFO:root:	Batch 6196, loss 6.126, perplexity 457.47
INFO:root:	Batch 7463, loss 5.885, perplexity 359.68
INFO:root:	Batch 8734, loss 6.224, perplexity 504.68
INFO:root:	Batch 10000, loss 5.300, perplexity 200.31
INFO:root:	Batch 11271, loss 6.063, perplexity 429.62
INFO:root:	Batch 12543, loss 6.456, perplexity 636.47
INFO:root:	Batch 13811, loss 5.944, perplexity 381.39
INFO:root:	Batch 15083, loss 5.350, perplexity 210.70
INFO:root:	Batch 16353, loss 5.525, perplexity 250.81
INFO:root:	Batch 17621, loss 6.209, perplexity 497.20
INFO:root:	Batch 18888, loss 5.837, perplexity 342.58
INFO:root:	Batch 20158, loss 6.255, perplexity 520.42
INFO:root:	Batch 21430, loss 6.175, perplexity 480.58
INFO:root:	Batch 22697, loss 5.818, perplexity 336.21
INFO:root:	Batch 23966, loss 5.839, perplexity 343.51
INFO:root:	Batch 25234, loss 5.480, perplexity 239.82
INFO:root:	Batch 26505, loss 5.681, perplexity 293.28
INFO:root:	Batch 27773, loss 5.988, perplexity 398.61
INFO:root:	Batch 29039, loss 5.775, perplexity 322.14
INFO:root:	Batch 30306, loss 6.340, perplexity 566.64
INFO:root:	Batch 31573, loss 6.269, perplexity 527.85
INFO:root:	Batch 32840, loss 5.759, perplexity 316.92
INFO:root:	Batch 34109, loss 5.832, perplexity 340.96
INFO:root:	Batch 35383, loss 6.023, perplexity 412.98
INFO:root:	Batch 36652, loss 5.727, perplexity 307.19
INFO:root:	Batch 37922, loss 5.557, perplexity 259.11
INFO:root:	Batch 39189, loss 6.115, perplexity 452.49
INFO:root:	Batch 40455, loss 5.955, perplexity 385.59
INFO:root:	Batch 41727, loss 5.907, perplexity 367.62
INFO:root:	Batch 42996, loss 5.714, perplexity 303.01
INFO:root:	Batch 44265, loss 5.896, perplexity 363.44
INFO:root:	Batch 45533, loss 6.195, perplexity 490.35
INFO:root:	Batch 46802, loss 5.696, perplexity 297.64
INFO:root:	Batch 48074, loss 5.860, perplexity 350.58
INFO:root:	Batch 49340, loss 6.028, perplexity 414.73
INFO:root:	Batch 50610, loss 5.226, perplexity 185.98
INFO:root:	Batch 51880, loss 6.006, perplexity 406.00
INFO:root:	Batch 53150, loss 6.122, perplexity 455.57
INFO:root:	Batch 54418, loss 5.422, perplexity 226.27
INFO:root:	Batch 55691, loss 5.808, perplexity 332.86
INFO:root:	Batch 56961, loss 6.015, perplexity 409.57
INFO:root:	Batch 58231, loss 5.878, perplexity 356.94
INFO:root:	Batch 59503, loss 5.857, perplexity 349.53
INFO:root:	Batch 60771, loss 5.918, perplexity 371.71
INFO:root:	Batch 62042, loss 5.364, perplexity 213.59
INFO:root:	Batch 63312, loss 5.860, perplexity 350.85
INFO:root:	Batch 64578, loss 5.654, perplexity 285.46
INFO:root:	Batch 65849, loss 5.344, perplexity 209.26
INFO:root:	Batch 67118, loss 5.862, perplexity 351.43
INFO:root:	Batch 68387, loss 5.491, perplexity 242.41
INFO:root:	Batch 69655, loss 5.816, perplexity 335.60
INFO:root:	Batch 70923, loss 5.935, perplexity 377.87
INFO:root:	Batch 72194, loss 5.910, perplexity 368.57
INFO:root:	Batch 73462, loss 5.330, perplexity 206.50
INFO:root:	Batch 74731, loss 5.994, perplexity 401.04
INFO:root:	Batch 75999, loss 5.645, perplexity 282.90
INFO:root:	Batch 77273, loss 5.597, perplexity 269.58
INFO:root:	Batch 78543, loss 5.933, perplexity 377.31
INFO:root:	Batch 79812, loss 5.974, perplexity 393.10
INFO:root:	Batch 81081, loss 5.827, perplexity 339.43
INFO:root:	Batch 82348, loss 6.038, perplexity 418.90
INFO:root:	Batch 83620, loss 5.727, perplexity 307.10
INFO:root:	Batch 84888, loss 5.352, perplexity 211.00
INFO:root:	Batch 86156, loss 6.454, perplexity 635.13
INFO:root:	Batch 87426, loss 6.131, perplexity 460.10
INFO:root:	Batch 88694, loss 6.308, perplexity 548.98
INFO:root:	Batch 89962, loss 6.075, perplexity 434.99
INFO:root:	Batch 91234, loss 6.338, perplexity 565.47
INFO:root:	Batch 92503, loss 5.577, perplexity 264.34
INFO:root:	Batch 93769, loss 5.726, perplexity 306.60
INFO:root:	Batch 95041, loss 5.602, perplexity 270.93
INFO:root:	Batch 96310, loss 5.577, perplexity 264.18
INFO:root:	Batch 97582, loss 6.031, perplexity 416.26
INFO:root:	Batch 98853, loss 5.367, perplexity 214.28
INFO:root:	Batch 100123, loss 6.052, perplexity 424.97
INFO:root:	Batch 101393, loss 6.102, perplexity 446.71
INFO:root:	Batch 102665, loss 6.348, perplexity 571.19
INFO:root:	Batch 103938, loss 5.574, perplexity 263.49
INFO:root:	Batch 105207, loss 5.738, perplexity 310.48
INFO:root:	Batch 106481, loss 6.001, perplexity 403.64
INFO:root:	Batch 107750, loss 5.814, perplexity 335.12
INFO:root:	Batch 109020, loss 6.286, perplexity 536.87
INFO:root:	Batch 110288, loss 5.548, perplexity 256.81
INFO:root:	Batch 111558, loss 5.790, perplexity 326.98
INFO:root:	Batch 112828, loss 5.466, perplexity 236.46
INFO:root:	Batch 114097, loss 5.886, perplexity 360.05
INFO:root:	Batch 115370, loss 5.962, perplexity 388.36
INFO:root:	Batch 116640, loss 6.006, perplexity 406.03
INFO:root:	Batch 117911, loss 5.283, perplexity 196.87
INFO:root:	Batch 119181, loss 5.773, perplexity 321.62
INFO:root:	Batch 120449, loss 6.113, perplexity 451.67
INFO:root:	Batch 121717, loss 5.692, perplexity 296.62
INFO:root:	Batch 122984, loss 5.833, perplexity 341.34
INFO:root:	Batch 124257, loss 5.787, perplexity 326.00
INFO:root:	Batch 125531, loss 5.752, perplexity 314.86
INFO:root:	Batch 126800, loss 5.709, perplexity 301.44
INFO:root:	Batch 128072, loss 5.707, perplexity 300.95
INFO:root:	Batch 129341, loss 5.588, perplexity 267.11
INFO:root:	Batch 130610, loss 5.949, perplexity 383.49
INFO:root:	Batch 131881, loss 5.893, perplexity 362.44
INFO:root:	Batch 133150, loss 5.860, perplexity 350.59
INFO:root:	Batch 134418, loss 5.835, perplexity 341.90
INFO:root:	Batch 135688, loss 6.277, perplexity 532.15
INFO:root:	Batch 136956, loss 5.982, perplexity 396.28
INFO:root:	Batch 138228, loss 5.386, perplexity 218.39
INFO:root:	Batch 139497, loss 5.456, perplexity 234.24
INFO:root:	Batch 140761, loss 5.941, perplexity 380.15
INFO:root:	Batch 142028, loss 5.720, perplexity 304.89
INFO:root:	Batch 143298, loss 5.896, perplexity 363.76
INFO:root:	Batch 144567, loss 6.022, perplexity 412.57
INFO:root:	Batch 145830, loss 5.539, perplexity 254.51
INFO:root:	Batch 147100, loss 5.818, perplexity 336.13
INFO:root:	Batch 148365, loss 5.737, perplexity 310.12
INFO:root:	Batch 149630, loss 6.176, perplexity 481.13
INFO:root:	Batch 150899, loss 5.765, perplexity 318.93
INFO:root:	Batch 152167, loss 6.065, perplexity 430.34
INFO:root:	Batch 153437, loss 5.505, perplexity 245.89
INFO:root:	Batch 154709, loss 5.608, perplexity 272.63
INFO:root:	Batch 155978, loss 5.553, perplexity 257.91
INFO:root:	Batch 157241, loss 5.356, perplexity 211.90
INFO:root:	Batch 158511, loss 5.668, perplexity 289.52
INFO:root:	Batch 159779, loss 5.868, perplexity 353.66
INFO:root:	Batch 161044, loss 5.622, perplexity 276.52
INFO:root:	Batch 162310, loss 5.726, perplexity 306.80
INFO:root:	Batch 163581, loss 5.663, perplexity 288.08
INFO:root:	Batch 164850, loss 5.432, perplexity 228.58
INFO:root:	Batch 166118, loss 5.568, perplexity 261.93
INFO:root:	Batch 167382, loss 4.877, perplexity 131.30
INFO:root:	Batch 168650, loss 5.731, perplexity 308.20
INFO:root:	Batch 169920, loss 5.770, perplexity 320.59
INFO:root:	Batch 171188, loss 5.988, perplexity 398.55
INFO:root:	Batch 172457, loss 6.190, perplexity 487.82
INFO:root:	Batch 173730, loss 5.913, perplexity 369.82
INFO:root:	Batch 175003, loss 5.658, perplexity 286.57
INFO:root:	Batch 176274, loss 6.190, perplexity 487.62
INFO:root:	Batch 177544, loss 5.609, perplexity 272.84
INFO:root:	Batch 178815, loss 6.057, perplexity 427.12
INFO:root:	Batch 180085, loss 5.547, perplexity 256.39
INFO:root:	Batch 181353, loss 5.363, perplexity 213.39
INFO:root:	Batch 182623, loss 5.988, perplexity 398.79
INFO:root:	Batch 183892, loss 5.466, perplexity 236.44
INFO:root:	Batch 185162, loss 5.365, perplexity 213.87
INFO:root:	Batch 186431, loss 5.327, perplexity 205.73
INFO:root:	Batch 187699, loss 5.733, perplexity 308.93
INFO:root:	Batch 188967, loss 6.006, perplexity 406.05
INFO:root:	Batch 190237, loss 5.158, perplexity 173.78
INFO:root:	Batch 191508, loss 5.493, perplexity 242.94
INFO:root:	Batch 192780, loss 5.509, perplexity 246.84
INFO:root:	Batch 194049, loss 5.894, perplexity 362.83
INFO:root:	Batch 195317, loss 5.998, perplexity 402.44
INFO:root:	Batch 196587, loss 5.405, perplexity 222.61
INFO:root:	Batch 197858, loss 5.847, perplexity 346.05
INFO:root:	Batch 199126, loss 5.613, perplexity 274.03
INFO:root:	Batch 200394, loss 6.138, perplexity 463.31
INFO:root:	Batch 201662, loss 5.361, perplexity 212.96
INFO:root:	Batch 202933, loss 6.029, perplexity 415.14
INFO:root:	Batch 204202, loss 5.785, perplexity 325.37
INFO:root:	Batch 205472, loss 5.863, perplexity 351.95
INFO:root:	Batch 206740, loss 5.520, perplexity 249.66
INFO:root:	Batch 208010, loss 5.806, perplexity 332.20
INFO:root:	Batch 209279, loss 5.481, perplexity 240.03
INFO:root:	Batch 210551, loss 5.730, perplexity 307.83
INFO:root:	Batch 211815, loss 5.579, perplexity 264.87
INFO:root:	Batch 213087, loss 5.356, perplexity 211.92
INFO:root:	Batch 214352, loss 5.473, perplexity 238.25
INFO:root:	Batch 215622, loss 6.021, perplexity 411.80
INFO:root:	Batch 216892, loss 5.385, perplexity 218.18
INFO:root:	Batch 218166, loss 6.070, perplexity 432.86
INFO:root:	Batch 219437, loss 5.619, perplexity 275.66
INFO:root:	Batch 220708, loss 5.456, perplexity 234.16
INFO:root:	Batch 221977, loss 5.806, perplexity 332.20
INFO:root:	Batch 223244, loss 6.097, perplexity 444.72
INFO:root:	Batch 224511, loss 5.744, perplexity 312.30
INFO:root:	Batch 225783, loss 5.856, perplexity 349.16
INFO:root:	Batch 227053, loss 5.329, perplexity 206.28
INFO:root:	Batch 228317, loss 5.767, perplexity 319.58
INFO:root:	Batch 229584, loss 5.653, perplexity 285.26
INFO:root:	Batch 230856, loss 5.747, perplexity 313.28
INFO:root:	Batch 232123, loss 5.363, perplexity 213.34
INFO:root:	Batch 233392, loss 5.130, perplexity 169.04
INFO:root:	Batch 234662, loss 6.045, perplexity 422.05
INFO:root:	Batch 235929, loss 5.675, perplexity 291.55
INFO:root:	Batch 237195, loss 6.010, perplexity 407.34
INFO:root:	Batch 238466, loss 5.636, perplexity 280.20
INFO:root:	Batch 239735, loss 5.596, perplexity 269.44
INFO:root:	Batch 241003, loss 5.601, perplexity 270.66
INFO:root:	Batch 242272, loss 5.729, perplexity 307.59
INFO:root:	Batch 243541, loss 5.751, perplexity 314.51
INFO:root:	Batch 244812, loss 5.735, perplexity 309.51
INFO:root:	Batch 246082, loss 5.637, perplexity 280.51
INFO:root:	Batch 247354, loss 5.637, perplexity 280.60
INFO:root:	Batch 248620, loss 5.515, perplexity 248.43
INFO:root:	Batch 249890, loss 5.631, perplexity 278.93
INFO:root:	Batch 251159, loss 5.860, perplexity 350.82
INFO:root:	Batch 252427, loss 5.693, perplexity 296.78
INFO:root:	Batch 253698, loss 5.648, perplexity 283.85
INFO:root:	Batch 254971, loss 5.639, perplexity 281.16
INFO:root:	Batch 256239, loss 5.856, perplexity 349.30
INFO:root:	Batch 257510, loss 5.525, perplexity 250.96
INFO:root:	Batch 258782, loss 5.352, perplexity 211.02
INFO:root:	Batch 260053, loss 5.737, perplexity 310.12
INFO:root:	Batch 261319, loss 5.118, perplexity 167.05
INFO:root:	Batch 262590, loss 5.987, perplexity 398.33
INFO:root:	Batch 263859, loss 5.520, perplexity 249.63
INFO:root:	Batch 265130, loss 5.741, perplexity 311.32
INFO:root:	Batch 266400, loss 5.950, perplexity 383.76
INFO:root:	Batch 267673, loss 5.856, perplexity 349.44
INFO:root:	Batch 268942, loss 5.596, perplexity 269.23
INFO:root:	Batch 270212, loss 5.782, perplexity 324.39
INFO:root:	Batch 271483, loss 5.579, perplexity 264.73
INFO:root:	Batch 272757, loss 5.489, perplexity 241.90
INFO:root:	Batch 274026, loss 5.312, perplexity 202.81
INFO:root:	Batch 275296, loss 5.669, perplexity 289.85
INFO:root:	Batch 276567, loss 5.395, perplexity 220.20
INFO:root:	Batch 277838, loss 5.274, perplexity 195.10
INFO:root:	Batch 279107, loss 5.579, perplexity 264.72
INFO:root:	Batch 280378, loss 5.667, perplexity 289.08
INFO:root:	Batch 281649, loss 5.444, perplexity 231.37
INFO:root:	Batch 282922, loss 5.706, perplexity 300.66
INFO:root:	Batch 284193, loss 5.334, perplexity 207.36
INFO:root:	Batch 285464, loss 5.466, perplexity 236.60
INFO:root:	Batch 286735, loss 5.426, perplexity 227.14
INFO:root:	Batch 288004, loss 5.534, perplexity 253.12
INFO:root:	Batch 289276, loss 5.452, perplexity 233.25
INFO:root:	Batch 290546, loss 5.800, perplexity 330.16
INFO:root:	Batch 291820, loss 5.857, perplexity 349.66
INFO:root:	Batch 293087, loss 5.561, perplexity 259.96
INFO:root:	Batch 294358, loss 5.644, perplexity 282.65
INFO:root:	Batch 295625, loss 5.708, perplexity 301.21
INFO:root:	Batch 296891, loss 6.030, perplexity 415.60
INFO:root:	Batch 298159, loss 5.991, perplexity 399.62
INFO:root:	Batch 299433, loss 5.714, perplexity 303.06
INFO:root:	Batch 300700, loss 5.648, perplexity 283.61
INFO:root:	Batch 301967, loss 5.364, perplexity 213.48
INFO:root:	Batch 303236, loss 6.138, perplexity 463.03
INFO:root:	Batch 304505, loss 5.589, perplexity 267.35
INFO:root:	Batch 305775, loss 5.992, perplexity 400.10
INFO:root:	Batch 307043, loss 5.433, perplexity 228.74
INFO:root:	Batch 308311, loss 5.520, perplexity 249.59
INFO:root:	Batch 309579, loss 5.799, perplexity 330.05
INFO:root:	Batch 310847, loss 5.769, perplexity 320.14
INFO:root:	Batch 312115, loss 5.995, perplexity 401.43
INFO:root:	Batch 313387, loss 5.576, perplexity 263.99
INFO:root:	Batch 314655, loss 5.327, perplexity 205.90
INFO:root:	Batch 315925, loss 5.500, perplexity 244.64
INFO:root:	Batch 317191, loss 5.575, perplexity 263.70
INFO:root:	Batch 318459, loss 5.372, perplexity 215.36
INFO:root:	Batch 319729, loss 5.363, perplexity 213.40
INFO:root:	Batch 320994, loss 5.739, perplexity 310.66
INFO:root:	Batch 322265, loss 5.786, perplexity 325.56
INFO:root:	Batch 323538, loss 5.335, perplexity 207.41
INFO:root:	Batch 324805, loss 5.567, perplexity 261.74
INFO:root:	Batch 326074, loss 5.770, perplexity 320.38
INFO:root:	Batch 327348, loss 5.355, perplexity 211.70
INFO:root:	Batch 328617, loss 5.639, perplexity 281.18
INFO:root:	Batch 329885, loss 5.352, perplexity 210.95
INFO:root:	Batch 331156, loss 5.974, perplexity 393.05
INFO:root:	Batch 332421, loss 5.469, perplexity 237.12
INFO:root:	Batch 333691, loss 5.487, perplexity 241.65
INFO:root:	Batch 334961, loss 5.489, perplexity 242.01
INFO:root:	Batch 336232, loss 5.920, perplexity 372.32
INFO:root:	Batch 337503, loss 5.482, perplexity 240.35
INFO:root:	Batch 338776, loss 5.720, perplexity 305.05
INFO:root:	Batch 340044, loss 5.294, perplexity 199.19
INFO:root:	Batch 341313, loss 5.923, perplexity 373.66
INFO:root:	Batch 342587, loss 6.236, perplexity 510.92
INFO:root:	Batch 343860, loss 5.111, perplexity 165.86
DEBUG:root:Validation perplexity: 280.8
DEBUG:root:Test perplexity: 878.8
DEBUG:root:BEST result
DEBUG:root:END EPOCH now = 2019-12-12 16:56:29.353181
DEBUG:root:START EPOCH now = 2019-12-12 16:56:29.353438
DEBUG:root:Training epoch 2
INFO:root:	Batch 0, loss 5.402, perplexity 221.76
INFO:root:	Batch 1126, loss 5.709, perplexity 301.42
INFO:root:	Batch 2395, loss 5.443, perplexity 231.25
INFO:root:	Batch 3660, loss 5.632, perplexity 279.34
INFO:root:	Batch 4930, loss 5.659, perplexity 286.86
INFO:root:	Batch 6203, loss 5.928, perplexity 375.54
INFO:root:	Batch 7474, loss 5.873, perplexity 355.38
INFO:root:	Batch 8742, loss 5.316, perplexity 203.48
INFO:root:	Batch 10012, loss 5.484, perplexity 240.90
INFO:root:	Batch 11279, loss 6.061, perplexity 428.94
INFO:root:	Batch 12549, loss 5.321, perplexity 204.57
INFO:root:	Batch 13819, loss 5.422, perplexity 226.29
INFO:root:	Batch 15092, loss 5.461, perplexity 235.44
INFO:root:	Batch 16363, loss 5.443, perplexity 231.21
INFO:root:	Batch 17632, loss 5.002, perplexity 148.71
INFO:root:	Batch 18899, loss 5.378, perplexity 216.54
INFO:root:	Batch 20165, loss 5.625, perplexity 277.33
INFO:root:	Batch 21434, loss 5.515, perplexity 248.44
INFO:root:	Batch 22700, loss 5.269, perplexity 194.19
INFO:root:	Batch 23967, loss 5.060, perplexity 157.53
INFO:root:	Batch 25234, loss 5.240, perplexity 188.61
INFO:root:	Batch 26506, loss 5.457, perplexity 234.45
INFO:root:	Batch 27777, loss 5.203, perplexity 181.76
INFO:root:	Batch 29044, loss 5.144, perplexity 171.42
INFO:root:	Batch 30318, loss 5.218, perplexity 184.61
INFO:root:	Batch 31590, loss 5.805, perplexity 331.97
INFO:root:	Batch 32861, loss 6.005, perplexity 405.38
INFO:root:	Batch 34130, loss 5.349, perplexity 210.37
INFO:root:	Batch 35399, loss 5.238, perplexity 188.29
INFO:root:	Batch 36671, loss 5.580, perplexity 265.12
INFO:root:	Batch 37942, loss 5.459, perplexity 234.93
INFO:root:	Batch 39212, loss 5.360, perplexity 212.75
INFO:root:	Batch 40480, loss 5.237, perplexity 188.20
INFO:root:	Batch 41754, loss 5.797, perplexity 329.16
INFO:root:	Batch 43024, loss 5.845, perplexity 345.39
INFO:root:	Batch 44298, loss 5.925, perplexity 374.23
INFO:root:	Batch 45567, loss 5.403, perplexity 222.09
INFO:root:	Batch 46834, loss 5.725, perplexity 306.40
INFO:root:	Batch 48104, loss 6.005, perplexity 405.53
INFO:root:	Batch 49374, loss 5.768, perplexity 319.86
INFO:root:	Batch 50643, loss 5.746, perplexity 313.08
INFO:root:	Batch 51916, loss 5.885, perplexity 359.67
INFO:root:	Batch 53183, loss 5.644, perplexity 282.48
INFO:root:	Batch 54450, loss 5.734, perplexity 309.33
INFO:root:	Batch 55716, loss 5.717, perplexity 304.10
INFO:root:	Batch 56985, loss 5.498, perplexity 244.31
INFO:root:	Batch 58254, loss 5.634, perplexity 279.91
INFO:root:	Batch 59526, loss 5.686, perplexity 294.69
INFO:root:	Batch 60800, loss 5.236, perplexity 187.99
INFO:root:	Batch 62072, loss 5.384, perplexity 217.97
INFO:root:	Batch 63343, loss 5.659, perplexity 286.78
INFO:root:	Batch 64611, loss 6.047, perplexity 422.73
INFO:root:	Batch 65878, loss 5.740, perplexity 311.09
INFO:root:	Batch 67149, loss 5.253, perplexity 191.20
INFO:root:	Batch 68420, loss 5.376, perplexity 216.13
INFO:root:	Batch 69690, loss 5.928, perplexity 375.34
INFO:root:	Batch 70960, loss 5.350, perplexity 210.60
INFO:root:	Batch 72230, loss 5.282, perplexity 196.69
INFO:root:	Batch 73498, loss 5.380, perplexity 217.01
INFO:root:	Batch 74769, loss 5.363, perplexity 213.36
INFO:root:	Batch 76043, loss 5.530, perplexity 252.18
INFO:root:	Batch 77315, loss 5.289, perplexity 198.12
INFO:root:	Batch 78586, loss 5.484, perplexity 240.71
INFO:root:	Batch 79854, loss 5.500, perplexity 244.58
INFO:root:	Batch 81126, loss 5.176, perplexity 177.05
INFO:root:	Batch 82398, loss 5.591, perplexity 268.13
INFO:root:	Batch 83669, loss 5.509, perplexity 247.02
INFO:root:	Batch 84937, loss 5.619, perplexity 275.54
INFO:root:	Batch 86208, loss 5.534, perplexity 253.13
INFO:root:	Batch 87478, loss 5.317, perplexity 203.76
INFO:root:	Batch 88747, loss 5.379, perplexity 216.73
INFO:root:	Batch 90017, loss 6.099, perplexity 445.40
INFO:root:	Batch 91285, loss 5.445, perplexity 231.55
INFO:root:	Batch 92555, loss 5.599, perplexity 270.26
INFO:root:	Batch 93823, loss 6.008, perplexity 406.78
INFO:root:	Batch 95093, loss 5.459, perplexity 234.85
INFO:root:	Batch 96366, loss 5.855, perplexity 348.86
INFO:root:	Batch 97638, loss 5.458, perplexity 234.58
INFO:root:	Batch 98911, loss 5.730, perplexity 307.83
INFO:root:	Batch 100186, loss 5.313, perplexity 203.05
INFO:root:	Batch 101455, loss 5.264, perplexity 193.30
INFO:root:	Batch 102724, loss 5.663, perplexity 288.15
INFO:root:	Batch 103992, loss 5.853, perplexity 348.23
INFO:root:	Batch 105263, loss 5.519, perplexity 249.31
INFO:root:	Batch 106532, loss 5.576, perplexity 263.95
INFO:root:	Batch 107800, loss 5.504, perplexity 245.64
INFO:root:	Batch 109074, loss 5.179, perplexity 177.56
INFO:root:	Batch 110346, loss 5.210, perplexity 183.10
INFO:root:	Batch 111614, loss 4.941, perplexity 139.95
INFO:root:	Batch 112886, loss 5.479, perplexity 239.73
INFO:root:	Batch 114159, loss 5.694, perplexity 297.22
INFO:root:	Batch 115429, loss 5.629, perplexity 278.50
INFO:root:	Batch 116693, loss 5.709, perplexity 301.70
INFO:root:	Batch 117962, loss 5.231, perplexity 186.95
INFO:root:	Batch 119229, loss 5.929, perplexity 375.68
INFO:root:	Batch 120500, loss 5.925, perplexity 374.11
INFO:root:	Batch 121767, loss 5.552, perplexity 257.73
INFO:root:	Batch 123041, loss 5.585, perplexity 266.51
INFO:root:	Batch 124309, loss 5.946, perplexity 382.17
INFO:root:	Batch 125574, loss 5.568, perplexity 261.78
INFO:root:	Batch 126843, loss 5.277, perplexity 195.87
INFO:root:	Batch 128111, loss 5.506, perplexity 246.12
INFO:root:	Batch 129380, loss 5.625, perplexity 277.27
INFO:root:	Batch 130649, loss 5.886, perplexity 359.83
INFO:root:	Batch 131914, loss 5.704, perplexity 300.19
INFO:root:	Batch 133183, loss 5.420, perplexity 225.83
INFO:root:	Batch 134452, loss 5.528, perplexity 251.52
INFO:root:	Batch 135725, loss 5.323, perplexity 204.94
INFO:root:	Batch 136994, loss 5.698, perplexity 298.16
INFO:root:	Batch 138263, loss 5.965, perplexity 389.41
INFO:root:	Batch 139535, loss 5.751, perplexity 314.41
INFO:root:	Batch 140806, loss 5.211, perplexity 183.36
INFO:root:	Batch 142073, loss 5.641, perplexity 281.67
INFO:root:	Batch 143342, loss 5.743, perplexity 312.07
INFO:root:	Batch 144612, loss 5.702, perplexity 299.34
INFO:root:	Batch 145883, loss 5.416, perplexity 224.88
INFO:root:	Batch 147155, loss 5.236, perplexity 187.89
INFO:root:	Batch 148422, loss 6.104, perplexity 447.56
INFO:root:	Batch 149689, loss 5.416, perplexity 224.99
INFO:root:	Batch 150959, loss 5.520, perplexity 249.70
INFO:root:	Batch 152230, loss 5.261, perplexity 192.63
INFO:root:	Batch 153503, loss 5.527, perplexity 251.38
INFO:root:	Batch 154772, loss 5.323, perplexity 205.02
INFO:root:	Batch 156039, loss 5.495, perplexity 243.50
INFO:root:	Batch 157310, loss 5.209, perplexity 182.93
INFO:root:	Batch 158577, loss 5.296, perplexity 199.45
INFO:root:	Batch 159846, loss 5.665, perplexity 288.53
INFO:root:	Batch 161113, loss 5.981, perplexity 395.89
INFO:root:	Batch 162386, loss 5.944, perplexity 381.51
INFO:root:	Batch 163656, loss 5.919, perplexity 371.90
INFO:root:	Batch 164927, loss 5.336, perplexity 207.72
INFO:root:	Batch 166191, loss 5.267, perplexity 193.79
INFO:root:	Batch 167458, loss 5.701, perplexity 299.20
INFO:root:	Batch 168730, loss 5.951, perplexity 384.03
INFO:root:	Batch 170000, loss 5.441, perplexity 230.77
INFO:root:	Batch 171270, loss 5.374, perplexity 215.72
INFO:root:	Batch 172542, loss 5.451, perplexity 233.09
INFO:root:	Batch 173816, loss 5.639, perplexity 281.29
INFO:root:	Batch 175083, loss 5.600, perplexity 270.46
INFO:root:	Batch 176353, loss 5.534, perplexity 253.09
INFO:root:	Batch 177622, loss 5.839, perplexity 343.53
INFO:root:	Batch 178892, loss 5.638, perplexity 280.83
INFO:root:	Batch 180162, loss 5.534, perplexity 253.14
INFO:root:	Batch 181428, loss 5.276, perplexity 195.63
INFO:root:	Batch 182699, loss 6.029, perplexity 415.43
INFO:root:	Batch 183969, loss 5.762, perplexity 317.87
INFO:root:	Batch 185240, loss 6.069, perplexity 432.05
INFO:root:	Batch 186509, loss 5.565, perplexity 261.14
INFO:root:	Batch 187778, loss 5.240, perplexity 188.69
INFO:root:	Batch 189046, loss 5.886, perplexity 359.81
INFO:root:	Batch 190310, loss 5.526, perplexity 251.22
INFO:root:	Batch 191581, loss 5.080, perplexity 160.76
INFO:root:	Batch 192853, loss 5.660, perplexity 287.07
INFO:root:	Batch 194125, loss 5.805, perplexity 331.80
INFO:root:	Batch 195397, loss 5.302, perplexity 200.73
INFO:root:	Batch 196667, loss 5.151, perplexity 172.56
INFO:root:	Batch 197940, loss 5.417, perplexity 225.18
INFO:root:	Batch 199208, loss 5.534, perplexity 253.14
INFO:root:	Batch 200472, loss 5.709, perplexity 301.47
INFO:root:	Batch 201741, loss 5.415, perplexity 224.80
INFO:root:	Batch 203013, loss 5.753, perplexity 315.06
INFO:root:	Batch 204285, loss 5.458, perplexity 234.65
INFO:root:	Batch 205552, loss 5.724, perplexity 306.23
INFO:root:	Batch 206820, loss 5.457, perplexity 234.35
INFO:root:	Batch 208088, loss 5.454, perplexity 233.58
INFO:root:	Batch 209356, loss 4.775, perplexity 118.54
INFO:root:	Batch 210625, loss 5.364, perplexity 213.58
INFO:root:	Batch 211893, loss 5.459, perplexity 234.92
INFO:root:	Batch 213158, loss 5.900, perplexity 365.20
INFO:root:	Batch 214430, loss 5.245, perplexity 189.60
INFO:root:	Batch 215699, loss 4.604, perplexity 99.83
INFO:root:	Batch 216969, loss 5.072, perplexity 159.43
INFO:root:	Batch 218239, loss 5.970, perplexity 391.61
INFO:root:	Batch 219509, loss 5.890, perplexity 361.51
INFO:root:	Batch 220777, loss 5.511, perplexity 247.41
INFO:root:	Batch 222045, loss 5.673, perplexity 291.01
INFO:root:	Batch 223315, loss 5.660, perplexity 287.26
INFO:root:	Batch 224585, loss 5.623, perplexity 276.61
INFO:root:	Batch 225857, loss 5.343, perplexity 209.18
INFO:root:	Batch 227125, loss 5.702, perplexity 299.36
INFO:root:	Batch 228396, loss 5.315, perplexity 203.44
INFO:root:	Batch 229667, loss 5.648, perplexity 283.78
INFO:root:	Batch 230941, loss 5.515, perplexity 248.31
INFO:root:	Batch 232213, loss 5.428, perplexity 227.59
INFO:root:	Batch 233486, loss 6.007, perplexity 406.42
INFO:root:	Batch 234759, loss 5.594, perplexity 268.69
INFO:root:	Batch 236031, loss 5.257, perplexity 191.97
INFO:root:	Batch 237299, loss 5.494, perplexity 243.22
INFO:root:	Batch 238568, loss 5.555, perplexity 258.51
INFO:root:	Batch 239836, loss 5.413, perplexity 224.34
INFO:root:	Batch 241108, loss 5.210, perplexity 183.02
INFO:root:	Batch 242379, loss 5.857, perplexity 349.78
INFO:root:	Batch 243649, loss 5.592, perplexity 268.14
INFO:root:	Batch 244918, loss 6.116, perplexity 452.95
INFO:root:	Batch 246186, loss 5.437, perplexity 229.82
INFO:root:	Batch 247459, loss 5.301, perplexity 200.45
INFO:root:	Batch 248727, loss 5.632, perplexity 279.13
INFO:root:	Batch 249997, loss 5.136, perplexity 170.07
INFO:root:	Batch 251270, loss 5.336, perplexity 207.77
INFO:root:	Batch 252539, loss 5.074, perplexity 159.89
INFO:root:	Batch 253804, loss 5.621, perplexity 276.20
INFO:root:	Batch 255074, loss 5.991, perplexity 399.84
INFO:root:	Batch 256342, loss 5.334, perplexity 207.22
INFO:root:	Batch 257612, loss 5.405, perplexity 222.47
INFO:root:	Batch 258886, loss 5.811, perplexity 333.97
INFO:root:	Batch 260151, loss 5.656, perplexity 286.11
INFO:root:	Batch 261419, loss 5.442, perplexity 230.94
INFO:root:	Batch 262687, loss 5.435, perplexity 229.26
INFO:root:	Batch 263959, loss 5.536, perplexity 253.68
INFO:root:	Batch 265227, loss 5.567, perplexity 261.64
INFO:root:	Batch 266494, loss 5.359, perplexity 212.60
INFO:root:	Batch 267766, loss 5.451, perplexity 233.01
INFO:root:	Batch 269041, loss 5.546, perplexity 256.10
INFO:root:	Batch 270311, loss 5.286, perplexity 197.56
INFO:root:	Batch 271580, loss 5.441, perplexity 230.61
INFO:root:	Batch 272851, loss 5.305, perplexity 201.26
INFO:root:	Batch 274120, loss 5.982, perplexity 396.35
INFO:root:	Batch 275390, loss 5.306, perplexity 201.64
INFO:root:	Batch 276663, loss 5.432, perplexity 228.49
INFO:root:	Batch 277938, loss 6.037, perplexity 418.54
INFO:root:	Batch 279206, loss 5.609, perplexity 272.87
INFO:root:	Batch 280476, loss 5.688, perplexity 295.28
INFO:root:	Batch 281748, loss 5.662, perplexity 287.84
INFO:root:	Batch 283019, loss 5.229, perplexity 186.60
INFO:root:	Batch 284288, loss 5.613, perplexity 273.97
INFO:root:	Batch 285557, loss 5.651, perplexity 284.62
INFO:root:	Batch 286824, loss 5.864, perplexity 352.04
INFO:root:	Batch 288095, loss 6.067, perplexity 431.28
INFO:root:	Batch 289362, loss 5.826, perplexity 338.83
INFO:root:	Batch 290633, loss 5.348, perplexity 210.29
INFO:root:	Batch 291904, loss 5.455, perplexity 233.95
INFO:root:	Batch 293173, loss 5.593, perplexity 268.65
INFO:root:	Batch 294440, loss 5.414, perplexity 224.59
INFO:root:	Batch 295707, loss 5.205, perplexity 182.19
INFO:root:	Batch 296977, loss 5.995, perplexity 401.44
INFO:root:	Batch 298246, loss 5.378, perplexity 216.49
INFO:root:	Batch 299516, loss 5.199, perplexity 181.00
INFO:root:	Batch 300785, loss 5.705, perplexity 300.30
INFO:root:	Batch 302054, loss 5.626, perplexity 277.44
INFO:root:	Batch 303323, loss 5.652, perplexity 284.93
INFO:root:	Batch 304589, loss 5.431, perplexity 228.48
INFO:root:	Batch 305856, loss 5.208, perplexity 182.78
INFO:root:	Batch 307122, loss 5.507, perplexity 246.40
INFO:root:	Batch 308396, loss 5.278, perplexity 195.99
INFO:root:	Batch 309669, loss 5.765, perplexity 318.94
INFO:root:	Batch 310938, loss 5.590, perplexity 267.70
INFO:root:	Batch 312207, loss 5.309, perplexity 202.08
INFO:root:	Batch 313476, loss 6.046, perplexity 422.50
INFO:root:	Batch 314745, loss 5.671, perplexity 290.20
INFO:root:	Batch 316012, loss 5.341, perplexity 208.64
INFO:root:	Batch 317282, loss 5.577, perplexity 264.18
INFO:root:	Batch 318550, loss 5.310, perplexity 202.44
INFO:root:	Batch 319823, loss 5.410, perplexity 223.66
INFO:root:	Batch 321096, loss 5.304, perplexity 201.11
INFO:root:	Batch 322365, loss 5.139, perplexity 170.56
INFO:root:	Batch 323634, loss 5.380, perplexity 217.05
INFO:root:	Batch 324905, loss 5.482, perplexity 240.34
INFO:root:	Batch 326175, loss 5.865, perplexity 352.51
INFO:root:	Batch 327445, loss 5.375, perplexity 215.93
INFO:root:	Batch 328715, loss 5.486, perplexity 241.37
INFO:root:	Batch 329987, loss 5.852, perplexity 347.76
INFO:root:	Batch 331260, loss 5.731, perplexity 308.41
INFO:root:	Batch 332528, loss 5.616, perplexity 274.78
INFO:root:	Batch 333800, loss 6.056, perplexity 426.64
INFO:root:	Batch 335066, loss 5.593, perplexity 268.48
INFO:root:	Batch 336334, loss 5.846, perplexity 345.98
INFO:root:	Batch 337602, loss 5.443, perplexity 231.09
INFO:root:	Batch 338871, loss 5.599, perplexity 270.05
INFO:root:	Batch 340138, loss 5.273, perplexity 194.98
INFO:root:	Batch 341406, loss 5.595, perplexity 269.11
INFO:root:	Batch 342677, loss 5.217, perplexity 184.31
INFO:root:	Batch 343948, loss 5.682, perplexity 293.56
DEBUG:root:Validation perplexity: 259.8
DEBUG:root:Test perplexity: 835.6
DEBUG:root:BEST result
DEBUG:root:END EPOCH now = 2019-12-13 00:34:45.012573

